ARM GAS  C:\Users\ADMINI~1\AppData\Local\Temp\ccUs0EcR.s 			page 1


   1              		.cpu cortex-m0
   2              		.fpu softvfp
   3              		.eabi_attribute 20, 1
   4              		.eabi_attribute 21, 1
   5              		.eabi_attribute 23, 3
   6              		.eabi_attribute 24, 1
   7              		.eabi_attribute 25, 1
   8              		.eabi_attribute 26, 1
   9              		.eabi_attribute 30, 1
  10              		.eabi_attribute 34, 0
  11              		.eabi_attribute 18, 4
  12              		.code	16
  13              		.file	"cyfitter_cfg.c"
  14              		.text
  15              	.Ltext0:
  16              		.cfi_sections	.debug_frame
  17              		.section	.text.AnalogSetDefault,"ax",%progbits
  18              		.align	2
  19              		.code	16
  20              		.thumb_func
  21              		.type	AnalogSetDefault, %function
  22              	AnalogSetDefault:
  23              	.LFB6:
  24              		.file 1 ".\\Generated_Source\\PSoC4\\cyfitter_cfg.c"
   1:.\Generated_Source\PSoC4/cyfitter_cfg.c **** /*******************************************************************************
   2:.\Generated_Source\PSoC4/cyfitter_cfg.c **** * File Name: cyfitter_cfg.c
   3:.\Generated_Source\PSoC4/cyfitter_cfg.c **** * 
   4:.\Generated_Source\PSoC4/cyfitter_cfg.c **** * PSoC Creator  3.3 CP2
   5:.\Generated_Source\PSoC4/cyfitter_cfg.c **** *
   6:.\Generated_Source\PSoC4/cyfitter_cfg.c **** * Description:
   7:.\Generated_Source\PSoC4/cyfitter_cfg.c **** * This file contains device initialization code.
   8:.\Generated_Source\PSoC4/cyfitter_cfg.c **** * Except for the user defined sections in CyClockStartupError(), this file should not be modified.
   9:.\Generated_Source\PSoC4/cyfitter_cfg.c **** * This file is automatically generated by PSoC Creator.
  10:.\Generated_Source\PSoC4/cyfitter_cfg.c **** *
  11:.\Generated_Source\PSoC4/cyfitter_cfg.c **** ********************************************************************************
  12:.\Generated_Source\PSoC4/cyfitter_cfg.c **** * Copyright (c) 2007-2015 Cypress Semiconductor.  All rights reserved.
  13:.\Generated_Source\PSoC4/cyfitter_cfg.c **** * You may use this file only in accordance with the license, terms, conditions, 
  14:.\Generated_Source\PSoC4/cyfitter_cfg.c **** * disclaimers, and limitations in the end user license agreement accompanying 
  15:.\Generated_Source\PSoC4/cyfitter_cfg.c **** * the software package with which this file was provided.
  16:.\Generated_Source\PSoC4/cyfitter_cfg.c **** ********************************************************************************/
  17:.\Generated_Source\PSoC4/cyfitter_cfg.c **** 
  18:.\Generated_Source\PSoC4/cyfitter_cfg.c **** #include <string.h>
  19:.\Generated_Source\PSoC4/cyfitter_cfg.c **** #include "cytypes.h"
  20:.\Generated_Source\PSoC4/cyfitter_cfg.c **** #include "cydevice_trm.h"
  21:.\Generated_Source\PSoC4/cyfitter_cfg.c **** #include "cyfitter.h"
  22:.\Generated_Source\PSoC4/cyfitter_cfg.c **** #include "CyLib.h"
  23:.\Generated_Source\PSoC4/cyfitter_cfg.c **** #include "CyLFClk.h"
  24:.\Generated_Source\PSoC4/cyfitter_cfg.c **** #include "cyfitter_cfg.h"
  25:.\Generated_Source\PSoC4/cyfitter_cfg.c **** 
  26:.\Generated_Source\PSoC4/cyfitter_cfg.c **** 
  27:.\Generated_Source\PSoC4/cyfitter_cfg.c **** #if defined(__GNUC__) || defined(__ARMCC_VERSION)
  28:.\Generated_Source\PSoC4/cyfitter_cfg.c ****     #define CYPACKED 
  29:.\Generated_Source\PSoC4/cyfitter_cfg.c ****     #define CYPACKED_ATTR __attribute__ ((packed))
  30:.\Generated_Source\PSoC4/cyfitter_cfg.c ****     #define CYALIGNED __attribute__ ((aligned))
  31:.\Generated_Source\PSoC4/cyfitter_cfg.c ****     #define CY_CFG_UNUSED __attribute__ ((unused))
  32:.\Generated_Source\PSoC4/cyfitter_cfg.c ****     #ifndef CY_CFG_SECTION
  33:.\Generated_Source\PSoC4/cyfitter_cfg.c ****         #define CY_CFG_SECTION __attribute__ ((section(".psocinit")))
ARM GAS  C:\Users\ADMINI~1\AppData\Local\Temp\ccUs0EcR.s 			page 2


  34:.\Generated_Source\PSoC4/cyfitter_cfg.c ****     #endif
  35:.\Generated_Source\PSoC4/cyfitter_cfg.c ****     
  36:.\Generated_Source\PSoC4/cyfitter_cfg.c ****     #if defined(__ARMCC_VERSION)
  37:.\Generated_Source\PSoC4/cyfitter_cfg.c ****         #define CY_CFG_MEMORY_BARRIER() __memory_changed()
  38:.\Generated_Source\PSoC4/cyfitter_cfg.c ****     #else
  39:.\Generated_Source\PSoC4/cyfitter_cfg.c ****         #define CY_CFG_MEMORY_BARRIER() __sync_synchronize()
  40:.\Generated_Source\PSoC4/cyfitter_cfg.c ****     #endif
  41:.\Generated_Source\PSoC4/cyfitter_cfg.c ****     
  42:.\Generated_Source\PSoC4/cyfitter_cfg.c **** #elif defined(__ICCARM__)
  43:.\Generated_Source\PSoC4/cyfitter_cfg.c ****     #include <intrinsics.h>
  44:.\Generated_Source\PSoC4/cyfitter_cfg.c **** 
  45:.\Generated_Source\PSoC4/cyfitter_cfg.c ****     #define CYPACKED __packed
  46:.\Generated_Source\PSoC4/cyfitter_cfg.c ****     #define CYPACKED_ATTR 
  47:.\Generated_Source\PSoC4/cyfitter_cfg.c ****     #define CYALIGNED _Pragma("data_alignment=4")
  48:.\Generated_Source\PSoC4/cyfitter_cfg.c ****     #define CY_CFG_UNUSED _Pragma("diag_suppress=Pe177")
  49:.\Generated_Source\PSoC4/cyfitter_cfg.c ****     #define CY_CFG_SECTION _Pragma("location=\".psocinit\"")
  50:.\Generated_Source\PSoC4/cyfitter_cfg.c ****     
  51:.\Generated_Source\PSoC4/cyfitter_cfg.c ****     #define CY_CFG_MEMORY_BARRIER() __DMB()
  52:.\Generated_Source\PSoC4/cyfitter_cfg.c ****     
  53:.\Generated_Source\PSoC4/cyfitter_cfg.c **** #else
  54:.\Generated_Source\PSoC4/cyfitter_cfg.c ****     #error Unsupported toolchain
  55:.\Generated_Source\PSoC4/cyfitter_cfg.c **** #endif
  56:.\Generated_Source\PSoC4/cyfitter_cfg.c **** 
  57:.\Generated_Source\PSoC4/cyfitter_cfg.c **** 
  58:.\Generated_Source\PSoC4/cyfitter_cfg.c **** CY_CFG_UNUSED
  59:.\Generated_Source\PSoC4/cyfitter_cfg.c **** static void CYMEMZERO(void *s, size_t n);
  60:.\Generated_Source\PSoC4/cyfitter_cfg.c **** CY_CFG_UNUSED
  61:.\Generated_Source\PSoC4/cyfitter_cfg.c **** static void CYMEMZERO(void *s, size_t n)
  62:.\Generated_Source\PSoC4/cyfitter_cfg.c **** {
  63:.\Generated_Source\PSoC4/cyfitter_cfg.c **** 	(void)memset(s, 0, n);
  64:.\Generated_Source\PSoC4/cyfitter_cfg.c **** }
  65:.\Generated_Source\PSoC4/cyfitter_cfg.c **** CY_CFG_UNUSED
  66:.\Generated_Source\PSoC4/cyfitter_cfg.c **** static void CYCONFIGCPY(void *dest, const void *src, size_t n);
  67:.\Generated_Source\PSoC4/cyfitter_cfg.c **** CY_CFG_UNUSED
  68:.\Generated_Source\PSoC4/cyfitter_cfg.c **** static void CYCONFIGCPY(void *dest, const void *src, size_t n)
  69:.\Generated_Source\PSoC4/cyfitter_cfg.c **** {
  70:.\Generated_Source\PSoC4/cyfitter_cfg.c **** 	(void)memcpy(dest, src, n);
  71:.\Generated_Source\PSoC4/cyfitter_cfg.c **** }
  72:.\Generated_Source\PSoC4/cyfitter_cfg.c **** CY_CFG_UNUSED
  73:.\Generated_Source\PSoC4/cyfitter_cfg.c **** static void CYCONFIGCPYCODE(void *dest, const void *src, size_t n);
  74:.\Generated_Source\PSoC4/cyfitter_cfg.c **** CY_CFG_UNUSED
  75:.\Generated_Source\PSoC4/cyfitter_cfg.c **** static void CYCONFIGCPYCODE(void *dest, const void *src, size_t n)
  76:.\Generated_Source\PSoC4/cyfitter_cfg.c **** {
  77:.\Generated_Source\PSoC4/cyfitter_cfg.c **** 	(void)memcpy(dest, src, n);
  78:.\Generated_Source\PSoC4/cyfitter_cfg.c **** }
  79:.\Generated_Source\PSoC4/cyfitter_cfg.c **** 
  80:.\Generated_Source\PSoC4/cyfitter_cfg.c **** 
  81:.\Generated_Source\PSoC4/cyfitter_cfg.c **** 
  82:.\Generated_Source\PSoC4/cyfitter_cfg.c **** /* Clock startup error codes                                                   */
  83:.\Generated_Source\PSoC4/cyfitter_cfg.c **** #define CYCLOCKSTART_NO_ERROR    0u
  84:.\Generated_Source\PSoC4/cyfitter_cfg.c **** #define CYCLOCKSTART_XTAL_ERROR  1u
  85:.\Generated_Source\PSoC4/cyfitter_cfg.c **** #define CYCLOCKSTART_32KHZ_ERROR 2u
  86:.\Generated_Source\PSoC4/cyfitter_cfg.c **** #define CYCLOCKSTART_PLL_ERROR   3u
  87:.\Generated_Source\PSoC4/cyfitter_cfg.c **** 
  88:.\Generated_Source\PSoC4/cyfitter_cfg.c **** #ifdef CY_NEED_CYCLOCKSTARTUPERROR
  89:.\Generated_Source\PSoC4/cyfitter_cfg.c **** /*******************************************************************************
  90:.\Generated_Source\PSoC4/cyfitter_cfg.c **** * Function Name: CyClockStartupError
ARM GAS  C:\Users\ADMINI~1\AppData\Local\Temp\ccUs0EcR.s 			page 3


  91:.\Generated_Source\PSoC4/cyfitter_cfg.c **** ********************************************************************************
  92:.\Generated_Source\PSoC4/cyfitter_cfg.c **** * Summary:
  93:.\Generated_Source\PSoC4/cyfitter_cfg.c **** *  If an error is encountered during clock configuration (crystal startup error,
  94:.\Generated_Source\PSoC4/cyfitter_cfg.c **** *  PLL lock error, etc.), the system will end up here.  Unless reimplemented by
  95:.\Generated_Source\PSoC4/cyfitter_cfg.c **** *  the customer, this function will stop in an infinite loop.
  96:.\Generated_Source\PSoC4/cyfitter_cfg.c **** *
  97:.\Generated_Source\PSoC4/cyfitter_cfg.c **** * Parameters:
  98:.\Generated_Source\PSoC4/cyfitter_cfg.c **** *   void
  99:.\Generated_Source\PSoC4/cyfitter_cfg.c **** *
 100:.\Generated_Source\PSoC4/cyfitter_cfg.c **** * Return:
 101:.\Generated_Source\PSoC4/cyfitter_cfg.c **** *   void
 102:.\Generated_Source\PSoC4/cyfitter_cfg.c **** *
 103:.\Generated_Source\PSoC4/cyfitter_cfg.c **** *******************************************************************************/
 104:.\Generated_Source\PSoC4/cyfitter_cfg.c **** CY_CFG_UNUSED
 105:.\Generated_Source\PSoC4/cyfitter_cfg.c **** static void CyClockStartupError(uint8 errorCode);
 106:.\Generated_Source\PSoC4/cyfitter_cfg.c **** CY_CFG_UNUSED
 107:.\Generated_Source\PSoC4/cyfitter_cfg.c **** static void CyClockStartupError(uint8 errorCode)
 108:.\Generated_Source\PSoC4/cyfitter_cfg.c **** {
 109:.\Generated_Source\PSoC4/cyfitter_cfg.c ****     /* To remove the compiler warning if errorCode not used.                */
 110:.\Generated_Source\PSoC4/cyfitter_cfg.c ****     errorCode = errorCode;
 111:.\Generated_Source\PSoC4/cyfitter_cfg.c **** 
 112:.\Generated_Source\PSoC4/cyfitter_cfg.c ****     /* `#START CyClockStartupError` */
 113:.\Generated_Source\PSoC4/cyfitter_cfg.c **** 
 114:.\Generated_Source\PSoC4/cyfitter_cfg.c ****     /* If we have a clock startup error (bad MHz crystal, PLL lock, etc.),  */
 115:.\Generated_Source\PSoC4/cyfitter_cfg.c ****     /* we will end up here to allow the customer to implement something to  */
 116:.\Generated_Source\PSoC4/cyfitter_cfg.c ****     /* deal with the clock condition.                                       */
 117:.\Generated_Source\PSoC4/cyfitter_cfg.c **** 
 118:.\Generated_Source\PSoC4/cyfitter_cfg.c ****     /* `#END` */
 119:.\Generated_Source\PSoC4/cyfitter_cfg.c **** 
 120:.\Generated_Source\PSoC4/cyfitter_cfg.c ****     /* If nothing else, stop here since the clocks have not started         */
 121:.\Generated_Source\PSoC4/cyfitter_cfg.c ****     /* correctly.                                                           */
 122:.\Generated_Source\PSoC4/cyfitter_cfg.c ****     while(1) {}
 123:.\Generated_Source\PSoC4/cyfitter_cfg.c **** }
 124:.\Generated_Source\PSoC4/cyfitter_cfg.c **** #endif
 125:.\Generated_Source\PSoC4/cyfitter_cfg.c **** 
 126:.\Generated_Source\PSoC4/cyfitter_cfg.c **** 
 127:.\Generated_Source\PSoC4/cyfitter_cfg.c **** 
 128:.\Generated_Source\PSoC4/cyfitter_cfg.c **** /*******************************************************************************
 129:.\Generated_Source\PSoC4/cyfitter_cfg.c **** * Function Name: ClockSetup
 130:.\Generated_Source\PSoC4/cyfitter_cfg.c **** ********************************************************************************
 131:.\Generated_Source\PSoC4/cyfitter_cfg.c **** *
 132:.\Generated_Source\PSoC4/cyfitter_cfg.c **** * Summary:
 133:.\Generated_Source\PSoC4/cyfitter_cfg.c **** *   Performs the initialization of all of the clocks in the device based on the
 134:.\Generated_Source\PSoC4/cyfitter_cfg.c **** *   settings in the Clock tab of the DWR.  This includes enabling the requested
 135:.\Generated_Source\PSoC4/cyfitter_cfg.c **** *   clocks and setting the necessary dividers to produce the desired frequency. 
 136:.\Generated_Source\PSoC4/cyfitter_cfg.c **** *
 137:.\Generated_Source\PSoC4/cyfitter_cfg.c **** * Parameters:
 138:.\Generated_Source\PSoC4/cyfitter_cfg.c **** *   void
 139:.\Generated_Source\PSoC4/cyfitter_cfg.c **** *
 140:.\Generated_Source\PSoC4/cyfitter_cfg.c **** * Return:
 141:.\Generated_Source\PSoC4/cyfitter_cfg.c **** *   void
 142:.\Generated_Source\PSoC4/cyfitter_cfg.c **** *
 143:.\Generated_Source\PSoC4/cyfitter_cfg.c **** *******************************************************************************/
 144:.\Generated_Source\PSoC4/cyfitter_cfg.c **** static void ClockSetup(void);
 145:.\Generated_Source\PSoC4/cyfitter_cfg.c **** CY_CFG_SECTION
 146:.\Generated_Source\PSoC4/cyfitter_cfg.c **** static void ClockSetup(void)
 147:.\Generated_Source\PSoC4/cyfitter_cfg.c **** {
ARM GAS  C:\Users\ADMINI~1\AppData\Local\Temp\ccUs0EcR.s 			page 4


 148:.\Generated_Source\PSoC4/cyfitter_cfg.c **** 
 149:.\Generated_Source\PSoC4/cyfitter_cfg.c **** 	/* Set Flash Cycles based on max possible frequency in case a glitch occurs during ClockSetup(). *
 150:.\Generated_Source\PSoC4/cyfitter_cfg.c **** 	CY_SET_REG32((void CYXDATA *)(CYREG_CPUSS_FLASH_CTL), (0x0012u));
 151:.\Generated_Source\PSoC4/cyfitter_cfg.c **** 
 152:.\Generated_Source\PSoC4/cyfitter_cfg.c **** 	/* Start the WCO */
 153:.\Generated_Source\PSoC4/cyfitter_cfg.c **** 	CySysClkWcoStart();
 154:.\Generated_Source\PSoC4/cyfitter_cfg.c **** 	CyDelayCycles(12000000u); /* WCO may take up to 500ms to start */
 155:.\Generated_Source\PSoC4/cyfitter_cfg.c **** 	(void)CySysClkWcoSetPowerMode(CY_SYS_CLK_WCO_LPM);    /* Switch to the low power mode */
 156:.\Generated_Source\PSoC4/cyfitter_cfg.c **** 
 157:.\Generated_Source\PSoC4/cyfitter_cfg.c **** 	/* Setup and trim IMO based on desired frequency. */
 158:.\Generated_Source\PSoC4/cyfitter_cfg.c **** 	CySysClkWriteImoFreq(48u);
 159:.\Generated_Source\PSoC4/cyfitter_cfg.c **** 	/* CYDEV_CLK_ILO_CONFIG Starting address: CYDEV_CLK_ILO_CONFIG */
 160:.\Generated_Source\PSoC4/cyfitter_cfg.c **** 	CY_SET_XTND_REG32((void CYFAR *)(CYREG_CLK_ILO_CONFIG), 0x80000006u);
 161:.\Generated_Source\PSoC4/cyfitter_cfg.c **** 
 162:.\Generated_Source\PSoC4/cyfitter_cfg.c **** 	/* CYDEV_WDT_CONFIG Starting address: CYDEV_WDT_CONFIG */
 163:.\Generated_Source\PSoC4/cyfitter_cfg.c **** 	CY_SET_XTND_REG32((void CYFAR *)(CYREG_WDT_CONFIG), 0x40000000u);
 164:.\Generated_Source\PSoC4/cyfitter_cfg.c **** 
 165:.\Generated_Source\PSoC4/cyfitter_cfg.c **** 
 166:.\Generated_Source\PSoC4/cyfitter_cfg.c **** 	/* Enable fast start mode for XO */
 167:.\Generated_Source\PSoC4/cyfitter_cfg.c **** 	CY_SET_REG32((void*)CYREG_BLE_BLERD_BB_XO, CY_GET_REG32((void*)CYREG_BLE_BLERD_BB_XO) | (uint32)0x
 168:.\Generated_Source\PSoC4/cyfitter_cfg.c **** 	CY_SET_XTND_REG32((void CYFAR *)(CYREG_BLE_BLERD_BB_XO_CAPTRIM), 0x00003E2Du);
 169:.\Generated_Source\PSoC4/cyfitter_cfg.c **** 	/* Disable Crystal Stable Interrupt before enabling ECO */
 170:.\Generated_Source\PSoC4/cyfitter_cfg.c **** 	CY_SET_REG32((void*)CYREG_BLE_BLESS_LL_DSM_CTRL, CY_GET_REG32((void*)CYREG_BLE_BLESS_LL_DSM_CTRL) 
 171:.\Generated_Source\PSoC4/cyfitter_cfg.c **** 	/* Start the ECO and do not check status since it is not needed for HFCLK */
 172:.\Generated_Source\PSoC4/cyfitter_cfg.c **** 	(void)CySysClkEcoStart(2000u);
 173:.\Generated_Source\PSoC4/cyfitter_cfg.c **** 	CyDelayUs(1500u); /* Wait to stabalize */
 174:.\Generated_Source\PSoC4/cyfitter_cfg.c **** 
 175:.\Generated_Source\PSoC4/cyfitter_cfg.c **** 	/* Setup phase aligned clocks */
 176:.\Generated_Source\PSoC4/cyfitter_cfg.c **** 	CY_SET_REG32((void *)CYREG_PERI_DIV_16_CTL0, 0x00001D00u);
 177:.\Generated_Source\PSoC4/cyfitter_cfg.c **** 	CY_SET_REG32((void *)CYREG_PERI_DIV_CMD, 0x8000FF40u);
 178:.\Generated_Source\PSoC4/cyfitter_cfg.c **** 	CY_SET_REG32((void *)CYREG_PERI_DIV_16_CTL1, 0x00002200u);
 179:.\Generated_Source\PSoC4/cyfitter_cfg.c **** 	CY_SET_REG32((void *)CYREG_PERI_DIV_CMD, 0x8000FF41u);
 180:.\Generated_Source\PSoC4/cyfitter_cfg.c **** 
 181:.\Generated_Source\PSoC4/cyfitter_cfg.c **** 	/* CYDEV_CLK_IMO_CONFIG Starting address: CYDEV_CLK_IMO_CONFIG */
 182:.\Generated_Source\PSoC4/cyfitter_cfg.c **** 	CY_SET_XTND_REG32((void CYFAR *)(CYREG_CLK_IMO_CONFIG), 0x80000000u);
 183:.\Generated_Source\PSoC4/cyfitter_cfg.c **** 
 184:.\Generated_Source\PSoC4/cyfitter_cfg.c **** 	/* CYDEV_CLK_SELECT Starting address: CYDEV_CLK_SELECT */
 185:.\Generated_Source\PSoC4/cyfitter_cfg.c **** 	CY_SET_XTND_REG32((void CYFAR *)(CYREG_CLK_SELECT), 0x00040000u);
 186:.\Generated_Source\PSoC4/cyfitter_cfg.c **** 
 187:.\Generated_Source\PSoC4/cyfitter_cfg.c **** 	/* CYDEV_PERI_PCLK_CTL2 Starting address: CYDEV_PERI_PCLK_CTL2 */
 188:.\Generated_Source\PSoC4/cyfitter_cfg.c **** 	CY_SET_XTND_REG32((void CYFAR *)(CYREG_PERI_PCLK_CTL2), 0x00000040u);
 189:.\Generated_Source\PSoC4/cyfitter_cfg.c **** 
 190:.\Generated_Source\PSoC4/cyfitter_cfg.c **** 	/* CYDEV_PERI_PCLK_CTL1 Starting address: CYDEV_PERI_PCLK_CTL1 */
 191:.\Generated_Source\PSoC4/cyfitter_cfg.c **** 	CY_SET_XTND_REG32((void CYFAR *)(CYREG_PERI_PCLK_CTL1), 0x00000041u);
 192:.\Generated_Source\PSoC4/cyfitter_cfg.c **** 
 193:.\Generated_Source\PSoC4/cyfitter_cfg.c **** 	(void)CyIntSetVector(8u, &CySysWdtIsr);
 194:.\Generated_Source\PSoC4/cyfitter_cfg.c **** 	CyIntEnable(8u);
 195:.\Generated_Source\PSoC4/cyfitter_cfg.c **** 	CY_SET_XTND_REG32((void CYFAR *)(CYREG_WDT_CONFIG), 0x40000000u);
 196:.\Generated_Source\PSoC4/cyfitter_cfg.c **** }
 197:.\Generated_Source\PSoC4/cyfitter_cfg.c **** 
 198:.\Generated_Source\PSoC4/cyfitter_cfg.c **** 
 199:.\Generated_Source\PSoC4/cyfitter_cfg.c **** /* Analog API Functions */
 200:.\Generated_Source\PSoC4/cyfitter_cfg.c **** 
 201:.\Generated_Source\PSoC4/cyfitter_cfg.c **** 
 202:.\Generated_Source\PSoC4/cyfitter_cfg.c **** /*******************************************************************************
 203:.\Generated_Source\PSoC4/cyfitter_cfg.c **** * Function Name: AnalogSetDefault
 204:.\Generated_Source\PSoC4/cyfitter_cfg.c **** ********************************************************************************
ARM GAS  C:\Users\ADMINI~1\AppData\Local\Temp\ccUs0EcR.s 			page 5


 205:.\Generated_Source\PSoC4/cyfitter_cfg.c **** *
 206:.\Generated_Source\PSoC4/cyfitter_cfg.c **** * Summary:
 207:.\Generated_Source\PSoC4/cyfitter_cfg.c **** *  Sets up the analog portions of the chip to default values based on chip
 208:.\Generated_Source\PSoC4/cyfitter_cfg.c **** *  configuration options from the project.
 209:.\Generated_Source\PSoC4/cyfitter_cfg.c **** *
 210:.\Generated_Source\PSoC4/cyfitter_cfg.c **** * Parameters:
 211:.\Generated_Source\PSoC4/cyfitter_cfg.c **** *  void
 212:.\Generated_Source\PSoC4/cyfitter_cfg.c **** *
 213:.\Generated_Source\PSoC4/cyfitter_cfg.c **** * Return:
 214:.\Generated_Source\PSoC4/cyfitter_cfg.c **** *  void
 215:.\Generated_Source\PSoC4/cyfitter_cfg.c **** *
 216:.\Generated_Source\PSoC4/cyfitter_cfg.c **** *******************************************************************************/
 217:.\Generated_Source\PSoC4/cyfitter_cfg.c **** static void AnalogSetDefault(void);
 218:.\Generated_Source\PSoC4/cyfitter_cfg.c **** static void AnalogSetDefault(void)
 219:.\Generated_Source\PSoC4/cyfitter_cfg.c **** {
  25              		.loc 1 219 0
  26              		.cfi_startproc
 220:.\Generated_Source\PSoC4/cyfitter_cfg.c **** 	CY_SET_XTND_REG32((void CYFAR *)CYREG_CTBM0_DFT_CTRL, 0x00000003u);
  27              		.loc 1 220 0
  28 0000 0323     		mov	r3, #3
  29 0002 044A     		ldr	r2, .L2
  30 0004 1360     		str	r3, [r2]
 221:.\Generated_Source\PSoC4/cyfitter_cfg.c **** 	CY_SET_XTND_REG32((void CYFAR *)CYREG_CTBM1_DFT_CTRL, 0x00000003u);
  31              		.loc 1 221 0
  32 0006 044A     		ldr	r2, .L2+4
  33 0008 1360     		str	r3, [r2]
 222:.\Generated_Source\PSoC4/cyfitter_cfg.c **** 	CY_SET_XTND_REG32((void CYFAR *)CYREG_PASS_DSAB_DSAB_CTRL, 0x00000000u);
  34              		.loc 1 222 0
  35 000a 0022     		mov	r2, #0
  36 000c 034B     		ldr	r3, .L2+8
  37 000e 1A60     		str	r2, [r3]
 223:.\Generated_Source\PSoC4/cyfitter_cfg.c **** }
  38              		.loc 1 223 0
  39              		@ sp needed
  40 0010 7047     		bx	lr
  41              	.L3:
  42 0012 C046     		.align	2
  43              	.L2:
  44 0014 30003040 		.word	1076887600
  45 0018 30003140 		.word	1076953136
  46 001c 000E3F40 		.word	1077874176
  47              		.cfi_endproc
  48              	.LFE6:
  49              		.size	AnalogSetDefault, .-AnalogSetDefault
  50              		.section	.text.CYMEMZERO,"ax",%progbits
  51              		.align	2
  52              		.code	16
  53              		.thumb_func
  54              		.type	CYMEMZERO, %function
  55              	CYMEMZERO:
  56              	.LFB2:
  62:.\Generated_Source\PSoC4/cyfitter_cfg.c **** 	(void)memset(s, 0, n);
  57              		.loc 1 62 0
  58              		.cfi_startproc
  59              	.LVL0:
  60 0000 08B5     		push	{r3, lr}
  61              		.cfi_def_cfa_offset 8
ARM GAS  C:\Users\ADMINI~1\AppData\Local\Temp\ccUs0EcR.s 			page 6


  62              		.cfi_offset 3, -8
  63              		.cfi_offset 14, -4
  64 0002 0A1C     		mov	r2, r1
  63:.\Generated_Source\PSoC4/cyfitter_cfg.c **** }
  65              		.loc 1 63 0
  66 0004 0021     		mov	r1, #0
  67              	.LVL1:
  68 0006 FFF7FEFF 		bl	memset
  69              	.LVL2:
  64:.\Generated_Source\PSoC4/cyfitter_cfg.c **** CY_CFG_UNUSED
  70              		.loc 1 64 0
  71              		@ sp needed
  72 000a 08BD     		pop	{r3, pc}
  73              		.cfi_endproc
  74              	.LFE2:
  75              		.size	CYMEMZERO, .-CYMEMZERO
  76              		.section	.psocinit,"ax",%progbits
  77              		.align	2
  78              		.code	16
  79              		.thumb_func
  80              		.type	ClockSetup, %function
  81              	ClockSetup:
  82              	.LFB5:
 147:.\Generated_Source\PSoC4/cyfitter_cfg.c **** 
  83              		.loc 1 147 0
  84              		.cfi_startproc
  85 0000 38B5     		push	{r3, r4, r5, lr}
  86              		.cfi_def_cfa_offset 16
  87              		.cfi_offset 3, -16
  88              		.cfi_offset 4, -12
  89              		.cfi_offset 5, -8
  90              		.cfi_offset 14, -4
 150:.\Generated_Source\PSoC4/cyfitter_cfg.c **** 
  91              		.loc 1 150 0
  92 0002 1222     		mov	r2, #18
  93 0004 254B     		ldr	r3, .L6
  94 0006 1A60     		str	r2, [r3]
 153:.\Generated_Source\PSoC4/cyfitter_cfg.c **** 	CyDelayCycles(12000000u); /* WCO may take up to 500ms to start */
  95              		.loc 1 153 0
  96 0008 FFF7FEFF 		bl	CySysClkWcoStart
  97              	.LVL3:
 154:.\Generated_Source\PSoC4/cyfitter_cfg.c **** 	(void)CySysClkWcoSetPowerMode(CY_SYS_CLK_WCO_LPM);    /* Switch to the low power mode */
  98              		.loc 1 154 0
  99 000c 2448     		ldr	r0, .L6+4
 100 000e FFF7FEFF 		bl	CyDelayCycles
 101              	.LVL4:
 155:.\Generated_Source\PSoC4/cyfitter_cfg.c **** 
 102              		.loc 1 155 0
 103 0012 0120     		mov	r0, #1
 104 0014 FFF7FEFF 		bl	CySysClkWcoSetPowerMode
 105              	.LVL5:
 158:.\Generated_Source\PSoC4/cyfitter_cfg.c **** 	/* CYDEV_CLK_ILO_CONFIG Starting address: CYDEV_CLK_ILO_CONFIG */
 106              		.loc 1 158 0
 107 0018 3020     		mov	r0, #48
 108 001a FFF7FEFF 		bl	CySysClkWriteImoFreq
 109              	.LVL6:
 160:.\Generated_Source\PSoC4/cyfitter_cfg.c **** 
ARM GAS  C:\Users\ADMINI~1\AppData\Local\Temp\ccUs0EcR.s 			page 7


 110              		.loc 1 160 0
 111 001e 214A     		ldr	r2, .L6+8
 112 0020 214B     		ldr	r3, .L6+12
 113 0022 1A60     		str	r2, [r3]
 163:.\Generated_Source\PSoC4/cyfitter_cfg.c **** 
 114              		.loc 1 163 0
 115 0024 214C     		ldr	r4, .L6+16
 116 0026 8025     		mov	r5, #128
 117 0028 ED05     		lsl	r5, r5, #23
 118 002a 2560     		str	r5, [r4]
 167:.\Generated_Source\PSoC4/cyfitter_cfg.c **** 	CY_SET_XTND_REG32((void CYFAR *)(CYREG_BLE_BLERD_BB_XO_CAPTRIM), 0x00003E2Du);
 119              		.loc 1 167 0
 120 002c 204A     		ldr	r2, .L6+20
 121 002e 1168     		ldr	r1, [r2]
 122 0030 0223     		mov	r3, #2
 123 0032 0B43     		orr	r3, r1
 124 0034 1360     		str	r3, [r2]
 168:.\Generated_Source\PSoC4/cyfitter_cfg.c **** 	/* Disable Crystal Stable Interrupt before enabling ECO */
 125              		.loc 1 168 0
 126 0036 1F4A     		ldr	r2, .L6+24
 127 0038 1F4B     		ldr	r3, .L6+28
 128 003a 1A60     		str	r2, [r3]
 170:.\Generated_Source\PSoC4/cyfitter_cfg.c **** 	/* Start the ECO and do not check status since it is not needed for HFCLK */
 129              		.loc 1 170 0
 130 003c 1F4A     		ldr	r2, .L6+32
 131 003e 1368     		ldr	r3, [r2]
 132 0040 0821     		mov	r1, #8
 133 0042 8B43     		bic	r3, r1
 134 0044 1360     		str	r3, [r2]
 172:.\Generated_Source\PSoC4/cyfitter_cfg.c **** 	CyDelayUs(1500u); /* Wait to stabalize */
 135              		.loc 1 172 0
 136 0046 FA20     		mov	r0, #250
 137 0048 C000     		lsl	r0, r0, #3
 138 004a FFF7FEFF 		bl	CySysClkEcoStart
 139              	.LVL7:
 173:.\Generated_Source\PSoC4/cyfitter_cfg.c **** 
 140              		.loc 1 173 0
 141 004e 1C48     		ldr	r0, .L6+36
 142 0050 FFF7FEFF 		bl	CyDelayUs
 143              	.LVL8:
 176:.\Generated_Source\PSoC4/cyfitter_cfg.c **** 	CY_SET_REG32((void *)CYREG_PERI_DIV_CMD, 0x8000FF40u);
 144              		.loc 1 176 0
 145 0054 E822     		mov	r2, #232
 146 0056 5201     		lsl	r2, r2, #5
 147 0058 1A4B     		ldr	r3, .L6+40
 148 005a 1A60     		str	r2, [r3]
 177:.\Generated_Source\PSoC4/cyfitter_cfg.c **** 	CY_SET_REG32((void *)CYREG_PERI_DIV_16_CTL1, 0x00002200u);
 149              		.loc 1 177 0
 150 005c 1A4B     		ldr	r3, .L6+44
 151 005e 1B4A     		ldr	r2, .L6+48
 152 0060 1A60     		str	r2, [r3]
 178:.\Generated_Source\PSoC4/cyfitter_cfg.c **** 	CY_SET_REG32((void *)CYREG_PERI_DIV_CMD, 0x8000FF41u);
 153              		.loc 1 178 0
 154 0062 8821     		mov	r1, #136
 155 0064 8901     		lsl	r1, r1, #6
 156 0066 1A4A     		ldr	r2, .L6+52
 157 0068 1160     		str	r1, [r2]
ARM GAS  C:\Users\ADMINI~1\AppData\Local\Temp\ccUs0EcR.s 			page 8


 179:.\Generated_Source\PSoC4/cyfitter_cfg.c **** 
 158              		.loc 1 179 0
 159 006a 1A4A     		ldr	r2, .L6+56
 160 006c 1A60     		str	r2, [r3]
 182:.\Generated_Source\PSoC4/cyfitter_cfg.c **** 
 161              		.loc 1 182 0
 162 006e 8022     		mov	r2, #128
 163 0070 1206     		lsl	r2, r2, #24
 164 0072 194B     		ldr	r3, .L6+60
 165 0074 1A60     		str	r2, [r3]
 185:.\Generated_Source\PSoC4/cyfitter_cfg.c **** 
 166              		.loc 1 185 0
 167 0076 8022     		mov	r2, #128
 168 0078 D202     		lsl	r2, r2, #11
 169 007a 184B     		ldr	r3, .L6+64
 170 007c 1A60     		str	r2, [r3]
 188:.\Generated_Source\PSoC4/cyfitter_cfg.c **** 
 171              		.loc 1 188 0
 172 007e 4022     		mov	r2, #64
 173 0080 174B     		ldr	r3, .L6+68
 174 0082 1A60     		str	r2, [r3]
 191:.\Generated_Source\PSoC4/cyfitter_cfg.c **** 
 175              		.loc 1 191 0
 176 0084 0132     		add	r2, r2, #1
 177 0086 174B     		ldr	r3, .L6+72
 178 0088 1A60     		str	r2, [r3]
 193:.\Generated_Source\PSoC4/cyfitter_cfg.c **** 	CyIntEnable(8u);
 179              		.loc 1 193 0
 180 008a 0820     		mov	r0, #8
 181 008c 1649     		ldr	r1, .L6+76
 182 008e FFF7FEFF 		bl	CyIntSetVector
 183              	.LVL9:
 194:.\Generated_Source\PSoC4/cyfitter_cfg.c **** 	CY_SET_XTND_REG32((void CYFAR *)(CYREG_WDT_CONFIG), 0x40000000u);
 184              		.loc 1 194 0
 185 0092 0820     		mov	r0, #8
 186 0094 FFF7FEFF 		bl	CyIntEnable
 187              	.LVL10:
 195:.\Generated_Source\PSoC4/cyfitter_cfg.c **** }
 188              		.loc 1 195 0
 189 0098 2560     		str	r5, [r4]
 196:.\Generated_Source\PSoC4/cyfitter_cfg.c **** 
 190              		.loc 1 196 0
 191              		@ sp needed
 192 009a 38BD     		pop	{r3, r4, r5, pc}
 193              	.L7:
 194              		.align	2
 195              	.L6:
 196 009c 30001040 		.word	1074790448
 197 00a0 001BB700 		.word	12000000
 198 00a4 06000080 		.word	-2147483642
 199 00a8 04010B40 		.word	1074462980
 200 00ac 0C020B40 		.word	1074463244
 201 00b0 78002E40 		.word	1076756600
 202 00b4 2D3E0000 		.word	15917
 203 00b8 7C002E40 		.word	1076756604
 204 00bc 6CF02E40 		.word	1076818028
 205 00c0 DC050000 		.word	1500
ARM GAS  C:\Users\ADMINI~1\AppData\Local\Temp\ccUs0EcR.s 			page 9


 206 00c4 00030140 		.word	1073808128
 207 00c8 00000140 		.word	1073807360
 208 00cc 40FF0080 		.word	-2147418304
 209 00d0 04030140 		.word	1073808132
 210 00d4 41FF0080 		.word	-2147418303
 211 00d8 08010B40 		.word	1074462984
 212 00dc 00010B40 		.word	1074462976
 213 00e0 08010140 		.word	1073807624
 214 00e4 04010140 		.word	1073807620
 215 00e8 00000000 		.word	CySysWdtIsr
 216              		.cfi_endproc
 217              	.LFE5:
 218              		.size	ClockSetup, .-ClockSetup
 219              		.align	2
 220              		.global	cyfitter_cfg
 221              		.code	16
 222              		.thumb_func
 223              		.type	cyfitter_cfg, %function
 224              	cyfitter_cfg:
 225              	.LFB7:
 224:.\Generated_Source\PSoC4/cyfitter_cfg.c **** 
 225:.\Generated_Source\PSoC4/cyfitter_cfg.c **** #define CY_AMUX_UNUSED CYREG_CM0_ROM_DWT
 226:.\Generated_Source\PSoC4/cyfitter_cfg.c **** 
 227:.\Generated_Source\PSoC4/cyfitter_cfg.c **** 
 228:.\Generated_Source\PSoC4/cyfitter_cfg.c **** /*******************************************************************************
 229:.\Generated_Source\PSoC4/cyfitter_cfg.c **** * Function Name: cyfitter_cfg
 230:.\Generated_Source\PSoC4/cyfitter_cfg.c **** ********************************************************************************
 231:.\Generated_Source\PSoC4/cyfitter_cfg.c **** * Summary:
 232:.\Generated_Source\PSoC4/cyfitter_cfg.c **** *  This function is called by the start-up code for the selected device. It
 233:.\Generated_Source\PSoC4/cyfitter_cfg.c **** *  performs all of the necessary device configuration based on the design
 234:.\Generated_Source\PSoC4/cyfitter_cfg.c **** *  settings.  This includes settings from the Design Wide Resources (DWR) such
 235:.\Generated_Source\PSoC4/cyfitter_cfg.c **** *  as Clocks and Pins as well as any component configuration that is necessary.
 236:.\Generated_Source\PSoC4/cyfitter_cfg.c **** *
 237:.\Generated_Source\PSoC4/cyfitter_cfg.c **** * Parameters:  
 238:.\Generated_Source\PSoC4/cyfitter_cfg.c **** *   void
 239:.\Generated_Source\PSoC4/cyfitter_cfg.c **** *
 240:.\Generated_Source\PSoC4/cyfitter_cfg.c **** * Return:
 241:.\Generated_Source\PSoC4/cyfitter_cfg.c **** *   void
 242:.\Generated_Source\PSoC4/cyfitter_cfg.c **** *
 243:.\Generated_Source\PSoC4/cyfitter_cfg.c **** *******************************************************************************/
 244:.\Generated_Source\PSoC4/cyfitter_cfg.c **** CY_CFG_SECTION
 245:.\Generated_Source\PSoC4/cyfitter_cfg.c **** void cyfitter_cfg(void)
 246:.\Generated_Source\PSoC4/cyfitter_cfg.c **** {
 226              		.loc 1 246 0
 227              		.cfi_startproc
 228 00ec 10B5     		push	{r4, lr}
 229              		.cfi_def_cfa_offset 8
 230              		.cfi_offset 4, -8
 231              		.cfi_offset 14, -4
 247:.\Generated_Source\PSoC4/cyfitter_cfg.c **** 	/* Disable interrupts by default. Let user enable if/when they want. */
 248:.\Generated_Source\PSoC4/cyfitter_cfg.c **** 	CyGlobalIntDisable;
 232              		.loc 1 248 0
 233              	@ 248 ".\Generated_Source\PSoC4\cyfitter_cfg.c" 1
 234 00ee 72B6     		CPSID   i
 235              	@ 0 "" 2
 249:.\Generated_Source\PSoC4/cyfitter_cfg.c **** 
 250:.\Generated_Source\PSoC4/cyfitter_cfg.c **** 	CY_SET_XTND_REG32((void CYFAR *)(CYREG_BLE_BLESS_LL_DSM_CTRL), 0x00000000u);
ARM GAS  C:\Users\ADMINI~1\AppData\Local\Temp\ccUs0EcR.s 			page 10


 236              		.loc 1 250 0
 237              		.code	16
 238 00f0 0022     		mov	r2, #0
 239 00f2 294B     		ldr	r3, .L11
 240 00f4 1A60     		str	r2, [r3]
 241              	.LVL11:
 242              	.LBB2:
 251:.\Generated_Source\PSoC4/cyfitter_cfg.c **** 
 252:.\Generated_Source\PSoC4/cyfitter_cfg.c **** 	{
 253:.\Generated_Source\PSoC4/cyfitter_cfg.c **** 
 254:.\Generated_Source\PSoC4/cyfitter_cfg.c **** 		CYPACKED typedef struct {
 255:.\Generated_Source\PSoC4/cyfitter_cfg.c **** 			void CYFAR *address;
 256:.\Generated_Source\PSoC4/cyfitter_cfg.c **** 			uint16 size;
 257:.\Generated_Source\PSoC4/cyfitter_cfg.c **** 		} CYPACKED_ATTR cfg_memset_t;
 258:.\Generated_Source\PSoC4/cyfitter_cfg.c **** 
 259:.\Generated_Source\PSoC4/cyfitter_cfg.c **** 		static const cfg_memset_t CYCODE cfg_memset_list [] = {
 260:.\Generated_Source\PSoC4/cyfitter_cfg.c **** 			/* address, size */
 261:.\Generated_Source\PSoC4/cyfitter_cfg.c **** 			{(void CYFAR *)(CYDEV_UDB_P0_U0_BASE), 1024u},
 262:.\Generated_Source\PSoC4/cyfitter_cfg.c **** 			{(void CYFAR *)(CYDEV_UDB_DSI0_BASE), 1024u},
 263:.\Generated_Source\PSoC4/cyfitter_cfg.c **** 		};
 264:.\Generated_Source\PSoC4/cyfitter_cfg.c **** 
 265:.\Generated_Source\PSoC4/cyfitter_cfg.c **** 		uint8 CYDATA i;
 266:.\Generated_Source\PSoC4/cyfitter_cfg.c **** 
 267:.\Generated_Source\PSoC4/cyfitter_cfg.c **** 		/* Zero out critical memory blocks before beginning configuration */
 268:.\Generated_Source\PSoC4/cyfitter_cfg.c **** 		for (i = 0u; i < (sizeof(cfg_memset_list)/sizeof(cfg_memset_list[0])); i++)
 243              		.loc 1 268 0
 244 00f6 0024     		mov	r4, #0
 245 00f8 10E0     		b	.L9
 246              	.LVL12:
 247              	.L10:
 248              	.LBB3:
 269:.\Generated_Source\PSoC4/cyfitter_cfg.c **** 		{
 270:.\Generated_Source\PSoC4/cyfitter_cfg.c **** 			const cfg_memset_t CYCODE * CYDATA ms = &cfg_memset_list[i];
 271:.\Generated_Source\PSoC4/cyfitter_cfg.c **** 			CYMEMZERO(ms->address, (size_t)(uint32)(ms->size));
 249              		.loc 1 271 0 discriminator 3
 250 00fa 2848     		ldr	r0, .L11+4
 251 00fc 6300     		lsl	r3, r4, #1
 252 00fe 1A19     		add	r2, r3, r4
 253 0100 5200     		lsl	r2, r2, #1
 254 0102 8218     		add	r2, r0, r2
 255 0104 9188     		ldrh	r1, [r2, #4]
 256 0106 1B19     		add	r3, r3, r4
 257 0108 5B00     		lsl	r3, r3, #1
 258 010a 1A5A     		ldrh	r2, [r3, r0]
 259 010c C318     		add	r3, r0, r3
 260 010e 5888     		ldrh	r0, [r3, #2]
 261 0110 0004     		lsl	r0, r0, #16
 262 0112 1043     		orr	r0, r2
 263 0114 FFF7FEFF 		bl	CYMEMZERO
 264              	.LVL13:
 265              	.LBE3:
 268:.\Generated_Source\PSoC4/cyfitter_cfg.c **** 		{
 266              		.loc 1 268 0 discriminator 3
 267 0118 0134     		add	r4, r4, #1
 268              	.LVL14:
 269 011a E4B2     		uxtb	r4, r4
 270              	.LVL15:
ARM GAS  C:\Users\ADMINI~1\AppData\Local\Temp\ccUs0EcR.s 			page 11


 271              	.L9:
 268:.\Generated_Source\PSoC4/cyfitter_cfg.c **** 		{
 272              		.loc 1 268 0 is_stmt 0 discriminator 1
 273 011c 012C     		cmp	r4, #1
 274 011e ECD9     		bls	.L10
 272:.\Generated_Source\PSoC4/cyfitter_cfg.c **** 		}
 273:.\Generated_Source\PSoC4/cyfitter_cfg.c **** 
 274:.\Generated_Source\PSoC4/cyfitter_cfg.c **** 		/* HSIOM Starting address: CYDEV_HSIOM_BASE */
 275:.\Generated_Source\PSoC4/cyfitter_cfg.c **** 		CY_SET_XTND_REG32((void CYFAR *)(CYDEV_HSIOM_BASE), 0xEE000000u);
 275              		.loc 1 275 0 is_stmt 1
 276 0120 EE22     		mov	r2, #238
 277 0122 1206     		lsl	r2, r2, #24
 278 0124 1E4B     		ldr	r3, .L11+8
 279 0126 1A60     		str	r2, [r3]
 276:.\Generated_Source\PSoC4/cyfitter_cfg.c **** 		CY_SET_XTND_REG32((void CYFAR *)(CYREG_HSIOM_PORT_SEL1), 0x00990000u);
 280              		.loc 1 276 0
 281 0128 9923     		mov	r3, #153
 282 012a 1B04     		lsl	r3, r3, #16
 283 012c 1D4A     		ldr	r2, .L11+12
 284 012e 1360     		str	r3, [r2]
 277:.\Generated_Source\PSoC4/cyfitter_cfg.c **** 		CY_SET_XTND_REG32((void CYFAR *)(CYREG_HSIOM_PORT_SEL3), 0x00EE0000u);
 285              		.loc 1 277 0
 286 0130 EE21     		mov	r1, #238
 287 0132 0904     		lsl	r1, r1, #16
 288 0134 1C4A     		ldr	r2, .L11+16
 289 0136 1160     		str	r1, [r2]
 278:.\Generated_Source\PSoC4/cyfitter_cfg.c **** 
 279:.\Generated_Source\PSoC4/cyfitter_cfg.c **** 		/* UDB_PA_0 Starting address: CYDEV_UDB_PA0_BASE */
 280:.\Generated_Source\PSoC4/cyfitter_cfg.c **** 		CY_SET_XTND_REG32((void CYFAR *)(CYDEV_UDB_PA0_BASE), 0x00990000u);
 290              		.loc 1 280 0
 291 0138 1C4A     		ldr	r2, .L11+20
 292 013a 1360     		str	r3, [r2]
 281:.\Generated_Source\PSoC4/cyfitter_cfg.c **** 
 282:.\Generated_Source\PSoC4/cyfitter_cfg.c **** 		/* UDB_PA_1 Starting address: CYDEV_UDB_PA1_BASE */
 283:.\Generated_Source\PSoC4/cyfitter_cfg.c **** 		CY_SET_XTND_REG32((void CYFAR *)(CYDEV_UDB_PA1_BASE), 0x00990000u);
 293              		.loc 1 283 0
 294 013c 1C4A     		ldr	r2, .L11+24
 295 013e 1360     		str	r3, [r2]
 284:.\Generated_Source\PSoC4/cyfitter_cfg.c **** 
 285:.\Generated_Source\PSoC4/cyfitter_cfg.c **** 		/* UDB_PA_3 Starting address: CYDEV_UDB_PA3_BASE */
 286:.\Generated_Source\PSoC4/cyfitter_cfg.c **** 		CY_SET_XTND_REG32((void CYFAR *)(CYDEV_UDB_PA3_BASE), 0x00990000u);
 296              		.loc 1 286 0
 297 0140 1C4A     		ldr	r2, .L11+28
 298 0142 1360     		str	r3, [r2]
 287:.\Generated_Source\PSoC4/cyfitter_cfg.c **** 
 288:.\Generated_Source\PSoC4/cyfitter_cfg.c **** 		/* Enable digital routing */
 289:.\Generated_Source\PSoC4/cyfitter_cfg.c **** 		CY_SET_XTND_REG8((void *)CYREG_UDB_UDBIF_BANK_CTL, CY_GET_XTND_REG8((void *)CYREG_UDB_UDBIF_BANK_
 299              		.loc 1 289 0
 300 0144 1C4B     		ldr	r3, .L11+32
 301 0146 1978     		ldrb	r1, [r3]
 302 0148 0222     		mov	r2, #2
 303 014a 0A43     		orr	r2, r1
 304 014c 1A70     		strb	r2, [r3]
 290:.\Generated_Source\PSoC4/cyfitter_cfg.c **** 
 291:.\Generated_Source\PSoC4/cyfitter_cfg.c **** 		/* Enable UDB array */
 292:.\Generated_Source\PSoC4/cyfitter_cfg.c **** 		CY_SET_XTND_REG8((void *)CYREG_UDB_UDBIF_WAIT_CFG, (uint8)((CY_GET_XTND_REG8((void *)CYREG_UDB_UD
 305              		.loc 1 292 0
ARM GAS  C:\Users\ADMINI~1\AppData\Local\Temp\ccUs0EcR.s 			page 12


 306 014e 1B48     		ldr	r0, .L11+36
 307 0150 0278     		ldrb	r2, [r0]
 308 0152 3C21     		mov	r1, #60
 309 0154 8A43     		bic	r2, r1
 310 0156 2839     		sub	r1, r1, #40
 311 0158 0A43     		orr	r2, r1
 312 015a 0270     		strb	r2, [r0]
 293:.\Generated_Source\PSoC4/cyfitter_cfg.c **** 		CY_SET_XTND_REG8((void *)CYREG_UDB_UDBIF_BANK_CTL, (uint8)(CY_GET_XTND_REG8((void *)CYREG_UDB_UDB
 313              		.loc 1 293 0
 314 015c 1978     		ldrb	r1, [r3]
 315 015e 1622     		mov	r2, #22
 316 0160 0A43     		orr	r2, r1
 317 0162 1A70     		strb	r2, [r3]
 318              	.LBE2:
 294:.\Generated_Source\PSoC4/cyfitter_cfg.c **** 	}
 295:.\Generated_Source\PSoC4/cyfitter_cfg.c **** 
 296:.\Generated_Source\PSoC4/cyfitter_cfg.c **** 	/* Perform second pass device configuration. These items must be configured in specific order afte
 297:.\Generated_Source\PSoC4/cyfitter_cfg.c **** 	/* IOPINS0_0 Starting address: CYDEV_GPIO_PRT0_BASE */
 298:.\Generated_Source\PSoC4/cyfitter_cfg.c **** 	CY_SET_XTND_REG32((void CYFAR *)(CYREG_GPIO_PRT0_PC), 0x00D80000u);
 319              		.loc 1 298 0
 320 0164 D822     		mov	r2, #216
 321 0166 1204     		lsl	r2, r2, #16
 322 0168 154B     		ldr	r3, .L11+40
 323 016a 1A60     		str	r2, [r3]
 299:.\Generated_Source\PSoC4/cyfitter_cfg.c **** 
 300:.\Generated_Source\PSoC4/cyfitter_cfg.c **** 	/* IOPINS0_1 Starting address: CYDEV_GPIO_PRT1_BASE */
 301:.\Generated_Source\PSoC4/cyfitter_cfg.c **** 	CY_SET_XTND_REG32((void CYFAR *)(CYDEV_GPIO_PRT1_BASE), 0x00000020u);
 324              		.loc 1 301 0
 325 016c 2023     		mov	r3, #32
 326 016e 154A     		ldr	r2, .L11+44
 327 0170 1360     		str	r3, [r2]
 302:.\Generated_Source\PSoC4/cyfitter_cfg.c **** 	CY_SET_XTND_REG32((void CYFAR *)(CYREG_GPIO_PRT1_PC), 0x00031000u);
 328              		.loc 1 302 0
 329 0172 C421     		mov	r1, #196
 330 0174 8902     		lsl	r1, r1, #10
 331 0176 144A     		ldr	r2, .L11+48
 332 0178 1160     		str	r1, [r2]
 303:.\Generated_Source\PSoC4/cyfitter_cfg.c **** 	CY_SET_XTND_REG32((void CYFAR *)(CYREG_GPIO_PRT1_PC2), 0x00000020u);
 333              		.loc 1 303 0
 334 017a 144A     		ldr	r2, .L11+52
 335 017c 1360     		str	r3, [r2]
 304:.\Generated_Source\PSoC4/cyfitter_cfg.c **** 
 305:.\Generated_Source\PSoC4/cyfitter_cfg.c **** 	/* IOPINS0_3 Starting address: CYDEV_GPIO_PRT3_BASE */
 306:.\Generated_Source\PSoC4/cyfitter_cfg.c **** 	CY_SET_XTND_REG32((void CYFAR *)(CYDEV_GPIO_PRT3_BASE), 0x00000030u);
 336              		.loc 1 306 0
 337 017e 3022     		mov	r2, #48
 338 0180 134B     		ldr	r3, .L11+56
 339 0182 1A60     		str	r2, [r3]
 307:.\Generated_Source\PSoC4/cyfitter_cfg.c **** 	CY_SET_XTND_REG32((void CYFAR *)(CYREG_GPIO_PRT3_PC), 0x00024000u);
 340              		.loc 1 307 0
 341 0184 9022     		mov	r2, #144
 342 0186 9202     		lsl	r2, r2, #10
 343 0188 124B     		ldr	r3, .L11+60
 344 018a 1A60     		str	r2, [r3]
 308:.\Generated_Source\PSoC4/cyfitter_cfg.c **** 
 309:.\Generated_Source\PSoC4/cyfitter_cfg.c **** 
 310:.\Generated_Source\PSoC4/cyfitter_cfg.c **** 	/* Setup clocks based on selections from Clock DWR */
ARM GAS  C:\Users\ADMINI~1\AppData\Local\Temp\ccUs0EcR.s 			page 13


 311:.\Generated_Source\PSoC4/cyfitter_cfg.c **** 	ClockSetup();
 345              		.loc 1 311 0
 346 018c FFF738FF 		bl	ClockSetup
 347              	.LVL16:
 312:.\Generated_Source\PSoC4/cyfitter_cfg.c **** 
 313:.\Generated_Source\PSoC4/cyfitter_cfg.c **** 	/* Perform basic analog initialization to defaults */
 314:.\Generated_Source\PSoC4/cyfitter_cfg.c **** 	AnalogSetDefault();
 348              		.loc 1 314 0
 349 0190 FFF7FEFF 		bl	AnalogSetDefault
 350              	.LVL17:
 315:.\Generated_Source\PSoC4/cyfitter_cfg.c **** 
 316:.\Generated_Source\PSoC4/cyfitter_cfg.c **** }
 351              		.loc 1 316 0
 352              		@ sp needed
 353              	.LVL18:
 354 0194 10BD     		pop	{r4, pc}
 355              	.L12:
 356 0196 C046     		.align	2
 357              	.L11:
 358 0198 6CF02E40 		.word	1076818028
 359 019c 00000000 		.word	.LANCHOR0
 360 01a0 00000240 		.word	1073872896
 361 01a4 00010240 		.word	1073873152
 362 01a8 00030240 		.word	1073873664
 363 01ac 00500F40 		.word	1074745344
 364 01b0 10500F40 		.word	1074745360
 365 01b4 30500F40 		.word	1074745392
 366 01b8 00700F40 		.word	1074753536
 367 01bc 01700F40 		.word	1074753537
 368 01c0 08000440 		.word	1074003976
 369 01c4 00010440 		.word	1074004224
 370 01c8 08010440 		.word	1074004232
 371 01cc 18010440 		.word	1074004248
 372 01d0 00030440 		.word	1074004736
 373 01d4 08030440 		.word	1074004744
 374              		.cfi_endproc
 375              	.LFE7:
 376              		.size	cyfitter_cfg, .-cyfitter_cfg
 377              		.section	.rodata
 378              		.align	2
 379              		.set	.LANCHOR0,. + 0
 380              		.type	cfg_memset_list.4742, %object
 381              		.size	cfg_memset_list.4742, 12
 382              	cfg_memset_list.4742:
 383 0000 00300F40 		.word	1074737152
 384 0004 0004     		.short	1024
 385 0006 00400F40 		.4byte	1074741248
 386 000a 0004     		.short	1024
 387              		.text
 388              	.Letext0:
 389              		.file 2 "c:\\program files (x86)\\cypress\\psoc creator\\3.3\\psoc creator\\import\\gnu\\arm\\4.9.
 390              		.file 3 ".\\Generated_Source\\PSoC4\\cytypes.h"
 391              		.file 4 ".\\Generated_Source\\PSoC4\\CyLib.h"
 392              		.file 5 ".\\Generated_Source\\PSoC4\\CyLFClk.h"
 393              		.section	.debug_info,"",%progbits
 394              	.Ldebug_info0:
 395 0000 6B030000 		.4byte	0x36b
ARM GAS  C:\Users\ADMINI~1\AppData\Local\Temp\ccUs0EcR.s 			page 14


 396 0004 0400     		.2byte	0x4
 397 0006 00000000 		.4byte	.Ldebug_abbrev0
 398 000a 04       		.byte	0x4
 399 000b 01       		.uleb128 0x1
 400 000c B5010000 		.4byte	.LASF34
 401 0010 01       		.byte	0x1
 402 0011 56010000 		.4byte	.LASF35
 403 0015 77020000 		.4byte	.LASF36
 404 0019 00000000 		.4byte	.Ldebug_ranges0+0
 405 001d 00000000 		.4byte	0
 406 0021 00000000 		.4byte	.Ldebug_line0
 407 0025 02       		.uleb128 0x2
 408 0026 04       		.byte	0x4
 409 0027 05       		.byte	0x5
 410 0028 696E7400 		.ascii	"int\000"
 411 002c 03       		.uleb128 0x3
 412 002d 14000000 		.4byte	.LASF11
 413 0031 02       		.byte	0x2
 414 0032 D4       		.byte	0xd4
 415 0033 37000000 		.4byte	0x37
 416 0037 04       		.uleb128 0x4
 417 0038 04       		.byte	0x4
 418 0039 07       		.byte	0x7
 419 003a 03010000 		.4byte	.LASF0
 420 003e 04       		.uleb128 0x4
 421 003f 01       		.byte	0x1
 422 0040 06       		.byte	0x6
 423 0041 6B020000 		.4byte	.LASF1
 424 0045 04       		.uleb128 0x4
 425 0046 01       		.byte	0x1
 426 0047 08       		.byte	0x8
 427 0048 C4000000 		.4byte	.LASF2
 428 004c 04       		.uleb128 0x4
 429 004d 02       		.byte	0x2
 430 004e 05       		.byte	0x5
 431 004f 43020000 		.4byte	.LASF3
 432 0053 04       		.uleb128 0x4
 433 0054 02       		.byte	0x2
 434 0055 07       		.byte	0x7
 435 0056 56000000 		.4byte	.LASF4
 436 005a 04       		.uleb128 0x4
 437 005b 04       		.byte	0x4
 438 005c 05       		.byte	0x5
 439 005d 62020000 		.4byte	.LASF5
 440 0061 04       		.uleb128 0x4
 441 0062 04       		.byte	0x4
 442 0063 07       		.byte	0x7
 443 0064 91000000 		.4byte	.LASF6
 444 0068 04       		.uleb128 0x4
 445 0069 08       		.byte	0x8
 446 006a 05       		.byte	0x5
 447 006b 87010000 		.4byte	.LASF7
 448 006f 04       		.uleb128 0x4
 449 0070 08       		.byte	0x8
 450 0071 07       		.byte	0x7
 451 0072 25010000 		.4byte	.LASF8
 452 0076 04       		.uleb128 0x4
ARM GAS  C:\Users\ADMINI~1\AppData\Local\Temp\ccUs0EcR.s 			page 15


 453 0077 04       		.byte	0x4
 454 0078 07       		.byte	0x7
 455 0079 7E010000 		.4byte	.LASF9
 456 007d 05       		.uleb128 0x5
 457 007e 04       		.byte	0x4
 458 007f 06       		.uleb128 0x6
 459 0080 04       		.byte	0x4
 460 0081 85000000 		.4byte	0x85
 461 0085 07       		.uleb128 0x7
 462 0086 04       		.uleb128 0x4
 463 0087 01       		.byte	0x1
 464 0088 08       		.byte	0x8
 465 0089 9F010000 		.4byte	.LASF10
 466 008d 08       		.uleb128 0x8
 467 008e A3000000 		.4byte	.LASF12
 468 0092 03       		.byte	0x3
 469 0093 3801     		.2byte	0x138
 470 0095 45000000 		.4byte	0x45
 471 0099 08       		.uleb128 0x8
 472 009a EC000000 		.4byte	.LASF13
 473 009e 03       		.byte	0x3
 474 009f 3901     		.2byte	0x139
 475 00a1 53000000 		.4byte	0x53
 476 00a5 08       		.uleb128 0x8
 477 00a6 FC000000 		.4byte	.LASF14
 478 00aa 03       		.byte	0x3
 479 00ab 3A01     		.2byte	0x13a
 480 00ad 61000000 		.4byte	0x61
 481 00b1 04       		.uleb128 0x4
 482 00b2 04       		.byte	0x4
 483 00b3 04       		.byte	0x4
 484 00b4 69000000 		.4byte	.LASF15
 485 00b8 04       		.uleb128 0x4
 486 00b9 08       		.byte	0x8
 487 00ba 04       		.byte	0x4
 488 00bb D9000000 		.4byte	.LASF16
 489 00bf 08       		.uleb128 0x8
 490 00c0 F3000000 		.4byte	.LASF17
 491 00c4 03       		.byte	0x3
 492 00c5 DA01     		.2byte	0x1da
 493 00c7 61000000 		.4byte	0x61
 494 00cb 08       		.uleb128 0x8
 495 00cc 8C000000 		.4byte	.LASF18
 496 00d0 03       		.byte	0x3
 497 00d1 E201     		.2byte	0x1e2
 498 00d3 D7000000 		.4byte	0xd7
 499 00d7 09       		.uleb128 0x9
 500 00d8 8D000000 		.4byte	0x8d
 501 00dc 08       		.uleb128 0x8
 502 00dd 0E000000 		.4byte	.LASF19
 503 00e1 03       		.byte	0x3
 504 00e2 E401     		.2byte	0x1e4
 505 00e4 E8000000 		.4byte	0xe8
 506 00e8 09       		.uleb128 0x9
 507 00e9 A5000000 		.4byte	0xa5
 508 00ed 08       		.uleb128 0x8
 509 00ee 3C010000 		.4byte	.LASF20
ARM GAS  C:\Users\ADMINI~1\AppData\Local\Temp\ccUs0EcR.s 			page 16


 510 00f2 03       		.byte	0x3
 511 00f3 F401     		.2byte	0x1f4
 512 00f5 7F000000 		.4byte	0x7f
 513 00f9 0A       		.uleb128 0xa
 514 00fa 1B000000 		.4byte	.LASF37
 515 00fe 01       		.byte	0x1
 516 00ff DA       		.byte	0xda
 517 0100 00000000 		.4byte	.LFB6
 518 0104 20000000 		.4byte	.LFE6-.LFB6
 519 0108 01       		.uleb128 0x1
 520 0109 9C       		.byte	0x9c
 521 010a 0B       		.uleb128 0xb
 522 010b BA000000 		.4byte	.LASF21
 523 010f 01       		.byte	0x1
 524 0110 3D       		.byte	0x3d
 525 0111 00000000 		.4byte	.LFB2
 526 0115 0C000000 		.4byte	.LFE2-.LFB2
 527 0119 01       		.uleb128 0x1
 528 011a 9C       		.byte	0x9c
 529 011b 57010000 		.4byte	0x157
 530 011f 0C       		.uleb128 0xc
 531 0120 7300     		.ascii	"s\000"
 532 0122 01       		.byte	0x1
 533 0123 3D       		.byte	0x3d
 534 0124 7D000000 		.4byte	0x7d
 535 0128 00000000 		.4byte	.LLST0
 536 012c 0C       		.uleb128 0xc
 537 012d 6E00     		.ascii	"n\000"
 538 012f 01       		.byte	0x1
 539 0130 3D       		.byte	0x3d
 540 0131 2C000000 		.4byte	0x2c
 541 0135 21000000 		.4byte	.LLST1
 542 0139 0D       		.uleb128 0xd
 543 013a 0A000000 		.4byte	.LVL2
 544 013e C6020000 		.4byte	0x2c6
 545 0142 0E       		.uleb128 0xe
 546 0143 01       		.uleb128 0x1
 547 0144 52       		.byte	0x52
 548 0145 03       		.uleb128 0x3
 549 0146 F3       		.byte	0xf3
 550 0147 01       		.uleb128 0x1
 551 0148 51       		.byte	0x51
 552 0149 0E       		.uleb128 0xe
 553 014a 01       		.uleb128 0x1
 554 014b 51       		.byte	0x51
 555 014c 01       		.uleb128 0x1
 556 014d 30       		.byte	0x30
 557 014e 0E       		.uleb128 0xe
 558 014f 01       		.uleb128 0x1
 559 0150 50       		.byte	0x50
 560 0151 03       		.uleb128 0x3
 561 0152 F3       		.byte	0xf3
 562 0153 01       		.uleb128 0x1
 563 0154 50       		.byte	0x50
 564 0155 00       		.byte	0
 565 0156 00       		.byte	0
 566 0157 0B       		.uleb128 0xb
ARM GAS  C:\Users\ADMINI~1\AppData\Local\Temp\ccUs0EcR.s 			page 17


 567 0158 4B000000 		.4byte	.LASF22
 568 015c 01       		.byte	0x1
 569 015d 92       		.byte	0x92
 570 015e 00000000 		.4byte	.LFB5
 571 0162 EC000000 		.4byte	.LFE5-.LFB5
 572 0166 01       		.uleb128 0x1
 573 0167 9C       		.byte	0x9c
 574 0168 00020000 		.4byte	0x200
 575 016c 0F       		.uleb128 0xf
 576 016d 0C000000 		.4byte	.LVL3
 577 0171 E3020000 		.4byte	0x2e3
 578 0175 10       		.uleb128 0x10
 579 0176 12000000 		.4byte	.LVL4
 580 017a EA020000 		.4byte	0x2ea
 581 017e 8C010000 		.4byte	0x18c
 582 0182 0E       		.uleb128 0xe
 583 0183 01       		.uleb128 0x1
 584 0184 50       		.byte	0x50
 585 0185 05       		.uleb128 0x5
 586 0186 0C       		.byte	0xc
 587 0187 001BB700 		.4byte	0xb71b00
 588 018b 00       		.byte	0
 589 018c 10       		.uleb128 0x10
 590 018d 18000000 		.4byte	.LVL5
 591 0191 FB020000 		.4byte	0x2fb
 592 0195 9F010000 		.4byte	0x19f
 593 0199 0E       		.uleb128 0xe
 594 019a 01       		.uleb128 0x1
 595 019b 50       		.byte	0x50
 596 019c 01       		.uleb128 0x1
 597 019d 31       		.byte	0x31
 598 019e 00       		.byte	0
 599 019f 10       		.uleb128 0x10
 600 01a0 1E000000 		.4byte	.LVL6
 601 01a4 10030000 		.4byte	0x310
 602 01a8 B3010000 		.4byte	0x1b3
 603 01ac 0E       		.uleb128 0xe
 604 01ad 01       		.uleb128 0x1
 605 01ae 50       		.byte	0x50
 606 01af 02       		.uleb128 0x2
 607 01b0 08       		.byte	0x8
 608 01b1 30       		.byte	0x30
 609 01b2 00       		.byte	0
 610 01b3 10       		.uleb128 0x10
 611 01b4 4E000000 		.4byte	.LVL7
 612 01b8 21030000 		.4byte	0x321
 613 01bc C8010000 		.4byte	0x1c8
 614 01c0 0E       		.uleb128 0xe
 615 01c1 01       		.uleb128 0x1
 616 01c2 50       		.byte	0x50
 617 01c3 03       		.uleb128 0x3
 618 01c4 0A       		.byte	0xa
 619 01c5 D007     		.2byte	0x7d0
 620 01c7 00       		.byte	0
 621 01c8 10       		.uleb128 0x10
 622 01c9 54000000 		.4byte	.LVL8
 623 01cd 36030000 		.4byte	0x336
ARM GAS  C:\Users\ADMINI~1\AppData\Local\Temp\ccUs0EcR.s 			page 18


 624 01d1 DD010000 		.4byte	0x1dd
 625 01d5 0E       		.uleb128 0xe
 626 01d6 01       		.uleb128 0x1
 627 01d7 50       		.byte	0x50
 628 01d8 03       		.uleb128 0x3
 629 01d9 0A       		.byte	0xa
 630 01da DC05     		.2byte	0x5dc
 631 01dc 00       		.byte	0
 632 01dd 10       		.uleb128 0x10
 633 01de 92000000 		.4byte	.LVL9
 634 01e2 47030000 		.4byte	0x347
 635 01e6 F0010000 		.4byte	0x1f0
 636 01ea 0E       		.uleb128 0xe
 637 01eb 01       		.uleb128 0x1
 638 01ec 50       		.byte	0x50
 639 01ed 01       		.uleb128 0x1
 640 01ee 38       		.byte	0x38
 641 01ef 00       		.byte	0
 642 01f0 0D       		.uleb128 0xd
 643 01f1 98000000 		.4byte	.LVL10
 644 01f5 61030000 		.4byte	0x361
 645 01f9 0E       		.uleb128 0xe
 646 01fa 01       		.uleb128 0x1
 647 01fb 50       		.byte	0x50
 648 01fc 01       		.uleb128 0x1
 649 01fd 38       		.byte	0x38
 650 01fe 00       		.byte	0
 651 01ff 00       		.byte	0
 652 0200 11       		.uleb128 0x11
 653 0201 10010000 		.4byte	.LASF38
 654 0205 01       		.byte	0x1
 655 0206 F5       		.byte	0xf5
 656 0207 EC000000 		.4byte	.LFB7
 657 020b EC000000 		.4byte	.LFE7-.LFB7
 658 020f 01       		.uleb128 0x1
 659 0210 9C       		.byte	0x9c
 660 0211 C6020000 		.4byte	0x2c6
 661 0215 12       		.uleb128 0x12
 662 0216 F6000000 		.4byte	.LBB2
 663 021a 6E000000 		.4byte	.LBE2-.LBB2
 664 021e B3020000 		.4byte	0x2b3
 665 0222 13       		.uleb128 0x13
 666 0223 06       		.byte	0x6
 667 0224 01       		.byte	0x1
 668 0225 FE       		.byte	0xfe
 669 0226 44020000 		.4byte	0x244
 670 022a 14       		.uleb128 0x14
 671 022b 1D010000 		.4byte	.LASF23
 672 022f 01       		.byte	0x1
 673 0230 FF       		.byte	0xff
 674 0231 7D000000 		.4byte	0x7d
 675 0235 00       		.byte	0
 676 0236 15       		.uleb128 0x15
 677 0237 6F000000 		.4byte	.LASF24
 678 023b 01       		.byte	0x1
 679 023c 0001     		.2byte	0x100
 680 023e 99000000 		.4byte	0x99
ARM GAS  C:\Users\ADMINI~1\AppData\Local\Temp\ccUs0EcR.s 			page 19


 681 0242 04       		.byte	0x4
 682 0243 00       		.byte	0
 683 0244 08       		.uleb128 0x8
 684 0245 49010000 		.4byte	.LASF25
 685 0249 01       		.byte	0x1
 686 024a 0101     		.2byte	0x101
 687 024c 22020000 		.4byte	0x222
 688 0250 16       		.uleb128 0x16
 689 0251 44020000 		.4byte	0x244
 690 0255 60020000 		.4byte	0x260
 691 0259 17       		.uleb128 0x17
 692 025a 76000000 		.4byte	0x76
 693 025e 01       		.byte	0x1
 694 025f 00       		.byte	0
 695 0260 18       		.uleb128 0x18
 696 0261 3B000000 		.4byte	.LASF26
 697 0265 01       		.byte	0x1
 698 0266 0301     		.2byte	0x103
 699 0268 72020000 		.4byte	0x272
 700 026c 05       		.uleb128 0x5
 701 026d 03       		.byte	0x3
 702 026e 00000000 		.4byte	cfg_memset_list.4742
 703 0272 19       		.uleb128 0x19
 704 0273 50020000 		.4byte	0x250
 705 0277 1A       		.uleb128 0x1a
 706 0278 6900     		.ascii	"i\000"
 707 027a 01       		.byte	0x1
 708 027b 0901     		.2byte	0x109
 709 027d 8D000000 		.4byte	0x8d
 710 0281 4D000000 		.4byte	.LLST2
 711 0285 1B       		.uleb128 0x1b
 712 0286 FA000000 		.4byte	.LBB3
 713 028a 1E000000 		.4byte	.LBE3-.LBB3
 714 028e 1A       		.uleb128 0x1a
 715 028f 6D7300   		.ascii	"ms\000"
 716 0292 01       		.byte	0x1
 717 0293 0E01     		.2byte	0x10e
 718 0295 9D020000 		.4byte	0x29d
 719 0299 77000000 		.4byte	.LLST3
 720 029d 06       		.uleb128 0x6
 721 029e 04       		.byte	0x4
 722 029f A3020000 		.4byte	0x2a3
 723 02a3 19       		.uleb128 0x19
 724 02a4 44020000 		.4byte	0x244
 725 02a8 0F       		.uleb128 0xf
 726 02a9 18010000 		.4byte	.LVL13
 727 02ad 0A010000 		.4byte	0x10a
 728 02b1 00       		.byte	0
 729 02b2 00       		.byte	0
 730 02b3 0F       		.uleb128 0xf
 731 02b4 90010000 		.4byte	.LVL16
 732 02b8 57010000 		.4byte	0x157
 733 02bc 0F       		.uleb128 0xf
 734 02bd 94010000 		.4byte	.LVL17
 735 02c1 F9000000 		.4byte	0xf9
 736 02c5 00       		.byte	0
 737 02c6 1C       		.uleb128 0x1c
ARM GAS  C:\Users\ADMINI~1\AppData\Local\Temp\ccUs0EcR.s 			page 20


 738 02c7 D2000000 		.4byte	.LASF27
 739 02cb 7D000000 		.4byte	0x7d
 740 02cf E3020000 		.4byte	0x2e3
 741 02d3 1D       		.uleb128 0x1d
 742 02d4 7D000000 		.4byte	0x7d
 743 02d8 1D       		.uleb128 0x1d
 744 02d9 25000000 		.4byte	0x25
 745 02dd 1D       		.uleb128 0x1d
 746 02de 76000000 		.4byte	0x76
 747 02e2 00       		.byte	0
 748 02e3 1E       		.uleb128 0x1e
 749 02e4 A9000000 		.4byte	.LASF39
 750 02e8 05       		.byte	0x5
 751 02e9 25       		.byte	0x25
 752 02ea 1F       		.uleb128 0x1f
 753 02eb 00000000 		.4byte	.LASF28
 754 02ef 04       		.byte	0x4
 755 02f0 5D       		.byte	0x5d
 756 02f1 FB020000 		.4byte	0x2fb
 757 02f5 1D       		.uleb128 0x1d
 758 02f6 A5000000 		.4byte	0xa5
 759 02fa 00       		.byte	0
 760 02fb 20       		.uleb128 0x20
 761 02fc 74000000 		.4byte	.LASF30
 762 0300 05       		.byte	0x5
 763 0301 27       		.byte	0x27
 764 0302 A5000000 		.4byte	0xa5
 765 0306 10030000 		.4byte	0x310
 766 030a 1D       		.uleb128 0x1d
 767 030b A5000000 		.4byte	0xa5
 768 030f 00       		.byte	0
 769 0310 1F       		.uleb128 0x1f
 770 0311 4D020000 		.4byte	.LASF29
 771 0315 04       		.byte	0x4
 772 0316 38       		.byte	0x38
 773 0317 21030000 		.4byte	0x321
 774 031b 1D       		.uleb128 0x1d
 775 031c A5000000 		.4byte	0xa5
 776 0320 00       		.byte	0
 777 0321 20       		.uleb128 0x20
 778 0322 A4010000 		.4byte	.LASF31
 779 0326 04       		.byte	0x4
 780 0327 87       		.byte	0x87
 781 0328 BF000000 		.4byte	0xbf
 782 032c 36030000 		.4byte	0x336
 783 0330 1D       		.uleb128 0x1d
 784 0331 A5000000 		.4byte	0xa5
 785 0335 00       		.byte	0
 786 0336 1F       		.uleb128 0x1f
 787 0337 95010000 		.4byte	.LASF32
 788 033b 04       		.byte	0x4
 789 033c 5B       		.byte	0x5b
 790 033d 47030000 		.4byte	0x347
 791 0341 1D       		.uleb128 0x1d
 792 0342 99000000 		.4byte	0x99
 793 0346 00       		.byte	0
 794 0347 20       		.uleb128 0x20
ARM GAS  C:\Users\ADMINI~1\AppData\Local\Temp\ccUs0EcR.s 			page 21


 795 0348 2C000000 		.4byte	.LASF33
 796 034c 04       		.byte	0x4
 797 034d 49       		.byte	0x49
 798 034e ED000000 		.4byte	0xed
 799 0352 61030000 		.4byte	0x361
 800 0356 1D       		.uleb128 0x1d
 801 0357 8D000000 		.4byte	0x8d
 802 035b 1D       		.uleb128 0x1d
 803 035c ED000000 		.4byte	0xed
 804 0360 00       		.byte	0
 805 0361 21       		.uleb128 0x21
 806 0362 E0000000 		.4byte	.LASF40
 807 0366 04       		.byte	0x4
 808 0367 4F       		.byte	0x4f
 809 0368 1D       		.uleb128 0x1d
 810 0369 8D000000 		.4byte	0x8d
 811 036d 00       		.byte	0
 812 036e 00       		.byte	0
 813              		.section	.debug_abbrev,"",%progbits
 814              	.Ldebug_abbrev0:
 815 0000 01       		.uleb128 0x1
 816 0001 11       		.uleb128 0x11
 817 0002 01       		.byte	0x1
 818 0003 25       		.uleb128 0x25
 819 0004 0E       		.uleb128 0xe
 820 0005 13       		.uleb128 0x13
 821 0006 0B       		.uleb128 0xb
 822 0007 03       		.uleb128 0x3
 823 0008 0E       		.uleb128 0xe
 824 0009 1B       		.uleb128 0x1b
 825 000a 0E       		.uleb128 0xe
 826 000b 55       		.uleb128 0x55
 827 000c 17       		.uleb128 0x17
 828 000d 11       		.uleb128 0x11
 829 000e 01       		.uleb128 0x1
 830 000f 10       		.uleb128 0x10
 831 0010 17       		.uleb128 0x17
 832 0011 00       		.byte	0
 833 0012 00       		.byte	0
 834 0013 02       		.uleb128 0x2
 835 0014 24       		.uleb128 0x24
 836 0015 00       		.byte	0
 837 0016 0B       		.uleb128 0xb
 838 0017 0B       		.uleb128 0xb
 839 0018 3E       		.uleb128 0x3e
 840 0019 0B       		.uleb128 0xb
 841 001a 03       		.uleb128 0x3
 842 001b 08       		.uleb128 0x8
 843 001c 00       		.byte	0
 844 001d 00       		.byte	0
 845 001e 03       		.uleb128 0x3
 846 001f 16       		.uleb128 0x16
 847 0020 00       		.byte	0
 848 0021 03       		.uleb128 0x3
 849 0022 0E       		.uleb128 0xe
 850 0023 3A       		.uleb128 0x3a
 851 0024 0B       		.uleb128 0xb
ARM GAS  C:\Users\ADMINI~1\AppData\Local\Temp\ccUs0EcR.s 			page 22


 852 0025 3B       		.uleb128 0x3b
 853 0026 0B       		.uleb128 0xb
 854 0027 49       		.uleb128 0x49
 855 0028 13       		.uleb128 0x13
 856 0029 00       		.byte	0
 857 002a 00       		.byte	0
 858 002b 04       		.uleb128 0x4
 859 002c 24       		.uleb128 0x24
 860 002d 00       		.byte	0
 861 002e 0B       		.uleb128 0xb
 862 002f 0B       		.uleb128 0xb
 863 0030 3E       		.uleb128 0x3e
 864 0031 0B       		.uleb128 0xb
 865 0032 03       		.uleb128 0x3
 866 0033 0E       		.uleb128 0xe
 867 0034 00       		.byte	0
 868 0035 00       		.byte	0
 869 0036 05       		.uleb128 0x5
 870 0037 0F       		.uleb128 0xf
 871 0038 00       		.byte	0
 872 0039 0B       		.uleb128 0xb
 873 003a 0B       		.uleb128 0xb
 874 003b 00       		.byte	0
 875 003c 00       		.byte	0
 876 003d 06       		.uleb128 0x6
 877 003e 0F       		.uleb128 0xf
 878 003f 00       		.byte	0
 879 0040 0B       		.uleb128 0xb
 880 0041 0B       		.uleb128 0xb
 881 0042 49       		.uleb128 0x49
 882 0043 13       		.uleb128 0x13
 883 0044 00       		.byte	0
 884 0045 00       		.byte	0
 885 0046 07       		.uleb128 0x7
 886 0047 15       		.uleb128 0x15
 887 0048 00       		.byte	0
 888 0049 27       		.uleb128 0x27
 889 004a 19       		.uleb128 0x19
 890 004b 00       		.byte	0
 891 004c 00       		.byte	0
 892 004d 08       		.uleb128 0x8
 893 004e 16       		.uleb128 0x16
 894 004f 00       		.byte	0
 895 0050 03       		.uleb128 0x3
 896 0051 0E       		.uleb128 0xe
 897 0052 3A       		.uleb128 0x3a
 898 0053 0B       		.uleb128 0xb
 899 0054 3B       		.uleb128 0x3b
 900 0055 05       		.uleb128 0x5
 901 0056 49       		.uleb128 0x49
 902 0057 13       		.uleb128 0x13
 903 0058 00       		.byte	0
 904 0059 00       		.byte	0
 905 005a 09       		.uleb128 0x9
 906 005b 35       		.uleb128 0x35
 907 005c 00       		.byte	0
 908 005d 49       		.uleb128 0x49
ARM GAS  C:\Users\ADMINI~1\AppData\Local\Temp\ccUs0EcR.s 			page 23


 909 005e 13       		.uleb128 0x13
 910 005f 00       		.byte	0
 911 0060 00       		.byte	0
 912 0061 0A       		.uleb128 0xa
 913 0062 2E       		.uleb128 0x2e
 914 0063 00       		.byte	0
 915 0064 03       		.uleb128 0x3
 916 0065 0E       		.uleb128 0xe
 917 0066 3A       		.uleb128 0x3a
 918 0067 0B       		.uleb128 0xb
 919 0068 3B       		.uleb128 0x3b
 920 0069 0B       		.uleb128 0xb
 921 006a 27       		.uleb128 0x27
 922 006b 19       		.uleb128 0x19
 923 006c 11       		.uleb128 0x11
 924 006d 01       		.uleb128 0x1
 925 006e 12       		.uleb128 0x12
 926 006f 06       		.uleb128 0x6
 927 0070 40       		.uleb128 0x40
 928 0071 18       		.uleb128 0x18
 929 0072 9742     		.uleb128 0x2117
 930 0074 19       		.uleb128 0x19
 931 0075 00       		.byte	0
 932 0076 00       		.byte	0
 933 0077 0B       		.uleb128 0xb
 934 0078 2E       		.uleb128 0x2e
 935 0079 01       		.byte	0x1
 936 007a 03       		.uleb128 0x3
 937 007b 0E       		.uleb128 0xe
 938 007c 3A       		.uleb128 0x3a
 939 007d 0B       		.uleb128 0xb
 940 007e 3B       		.uleb128 0x3b
 941 007f 0B       		.uleb128 0xb
 942 0080 27       		.uleb128 0x27
 943 0081 19       		.uleb128 0x19
 944 0082 11       		.uleb128 0x11
 945 0083 01       		.uleb128 0x1
 946 0084 12       		.uleb128 0x12
 947 0085 06       		.uleb128 0x6
 948 0086 40       		.uleb128 0x40
 949 0087 18       		.uleb128 0x18
 950 0088 9742     		.uleb128 0x2117
 951 008a 19       		.uleb128 0x19
 952 008b 01       		.uleb128 0x1
 953 008c 13       		.uleb128 0x13
 954 008d 00       		.byte	0
 955 008e 00       		.byte	0
 956 008f 0C       		.uleb128 0xc
 957 0090 05       		.uleb128 0x5
 958 0091 00       		.byte	0
 959 0092 03       		.uleb128 0x3
 960 0093 08       		.uleb128 0x8
 961 0094 3A       		.uleb128 0x3a
 962 0095 0B       		.uleb128 0xb
 963 0096 3B       		.uleb128 0x3b
 964 0097 0B       		.uleb128 0xb
 965 0098 49       		.uleb128 0x49
ARM GAS  C:\Users\ADMINI~1\AppData\Local\Temp\ccUs0EcR.s 			page 24


 966 0099 13       		.uleb128 0x13
 967 009a 02       		.uleb128 0x2
 968 009b 17       		.uleb128 0x17
 969 009c 00       		.byte	0
 970 009d 00       		.byte	0
 971 009e 0D       		.uleb128 0xd
 972 009f 898201   		.uleb128 0x4109
 973 00a2 01       		.byte	0x1
 974 00a3 11       		.uleb128 0x11
 975 00a4 01       		.uleb128 0x1
 976 00a5 31       		.uleb128 0x31
 977 00a6 13       		.uleb128 0x13
 978 00a7 00       		.byte	0
 979 00a8 00       		.byte	0
 980 00a9 0E       		.uleb128 0xe
 981 00aa 8A8201   		.uleb128 0x410a
 982 00ad 00       		.byte	0
 983 00ae 02       		.uleb128 0x2
 984 00af 18       		.uleb128 0x18
 985 00b0 9142     		.uleb128 0x2111
 986 00b2 18       		.uleb128 0x18
 987 00b3 00       		.byte	0
 988 00b4 00       		.byte	0
 989 00b5 0F       		.uleb128 0xf
 990 00b6 898201   		.uleb128 0x4109
 991 00b9 00       		.byte	0
 992 00ba 11       		.uleb128 0x11
 993 00bb 01       		.uleb128 0x1
 994 00bc 31       		.uleb128 0x31
 995 00bd 13       		.uleb128 0x13
 996 00be 00       		.byte	0
 997 00bf 00       		.byte	0
 998 00c0 10       		.uleb128 0x10
 999 00c1 898201   		.uleb128 0x4109
 1000 00c4 01       		.byte	0x1
 1001 00c5 11       		.uleb128 0x11
 1002 00c6 01       		.uleb128 0x1
 1003 00c7 31       		.uleb128 0x31
 1004 00c8 13       		.uleb128 0x13
 1005 00c9 01       		.uleb128 0x1
 1006 00ca 13       		.uleb128 0x13
 1007 00cb 00       		.byte	0
 1008 00cc 00       		.byte	0
 1009 00cd 11       		.uleb128 0x11
 1010 00ce 2E       		.uleb128 0x2e
 1011 00cf 01       		.byte	0x1
 1012 00d0 3F       		.uleb128 0x3f
 1013 00d1 19       		.uleb128 0x19
 1014 00d2 03       		.uleb128 0x3
 1015 00d3 0E       		.uleb128 0xe
 1016 00d4 3A       		.uleb128 0x3a
 1017 00d5 0B       		.uleb128 0xb
 1018 00d6 3B       		.uleb128 0x3b
 1019 00d7 0B       		.uleb128 0xb
 1020 00d8 27       		.uleb128 0x27
 1021 00d9 19       		.uleb128 0x19
 1022 00da 11       		.uleb128 0x11
ARM GAS  C:\Users\ADMINI~1\AppData\Local\Temp\ccUs0EcR.s 			page 25


 1023 00db 01       		.uleb128 0x1
 1024 00dc 12       		.uleb128 0x12
 1025 00dd 06       		.uleb128 0x6
 1026 00de 40       		.uleb128 0x40
 1027 00df 18       		.uleb128 0x18
 1028 00e0 9742     		.uleb128 0x2117
 1029 00e2 19       		.uleb128 0x19
 1030 00e3 01       		.uleb128 0x1
 1031 00e4 13       		.uleb128 0x13
 1032 00e5 00       		.byte	0
 1033 00e6 00       		.byte	0
 1034 00e7 12       		.uleb128 0x12
 1035 00e8 0B       		.uleb128 0xb
 1036 00e9 01       		.byte	0x1
 1037 00ea 11       		.uleb128 0x11
 1038 00eb 01       		.uleb128 0x1
 1039 00ec 12       		.uleb128 0x12
 1040 00ed 06       		.uleb128 0x6
 1041 00ee 01       		.uleb128 0x1
 1042 00ef 13       		.uleb128 0x13
 1043 00f0 00       		.byte	0
 1044 00f1 00       		.byte	0
 1045 00f2 13       		.uleb128 0x13
 1046 00f3 13       		.uleb128 0x13
 1047 00f4 01       		.byte	0x1
 1048 00f5 0B       		.uleb128 0xb
 1049 00f6 0B       		.uleb128 0xb
 1050 00f7 3A       		.uleb128 0x3a
 1051 00f8 0B       		.uleb128 0xb
 1052 00f9 3B       		.uleb128 0x3b
 1053 00fa 0B       		.uleb128 0xb
 1054 00fb 01       		.uleb128 0x1
 1055 00fc 13       		.uleb128 0x13
 1056 00fd 00       		.byte	0
 1057 00fe 00       		.byte	0
 1058 00ff 14       		.uleb128 0x14
 1059 0100 0D       		.uleb128 0xd
 1060 0101 00       		.byte	0
 1061 0102 03       		.uleb128 0x3
 1062 0103 0E       		.uleb128 0xe
 1063 0104 3A       		.uleb128 0x3a
 1064 0105 0B       		.uleb128 0xb
 1065 0106 3B       		.uleb128 0x3b
 1066 0107 0B       		.uleb128 0xb
 1067 0108 49       		.uleb128 0x49
 1068 0109 13       		.uleb128 0x13
 1069 010a 38       		.uleb128 0x38
 1070 010b 0B       		.uleb128 0xb
 1071 010c 00       		.byte	0
 1072 010d 00       		.byte	0
 1073 010e 15       		.uleb128 0x15
 1074 010f 0D       		.uleb128 0xd
 1075 0110 00       		.byte	0
 1076 0111 03       		.uleb128 0x3
 1077 0112 0E       		.uleb128 0xe
 1078 0113 3A       		.uleb128 0x3a
 1079 0114 0B       		.uleb128 0xb
ARM GAS  C:\Users\ADMINI~1\AppData\Local\Temp\ccUs0EcR.s 			page 26


 1080 0115 3B       		.uleb128 0x3b
 1081 0116 05       		.uleb128 0x5
 1082 0117 49       		.uleb128 0x49
 1083 0118 13       		.uleb128 0x13
 1084 0119 38       		.uleb128 0x38
 1085 011a 0B       		.uleb128 0xb
 1086 011b 00       		.byte	0
 1087 011c 00       		.byte	0
 1088 011d 16       		.uleb128 0x16
 1089 011e 01       		.uleb128 0x1
 1090 011f 01       		.byte	0x1
 1091 0120 49       		.uleb128 0x49
 1092 0121 13       		.uleb128 0x13
 1093 0122 01       		.uleb128 0x1
 1094 0123 13       		.uleb128 0x13
 1095 0124 00       		.byte	0
 1096 0125 00       		.byte	0
 1097 0126 17       		.uleb128 0x17
 1098 0127 21       		.uleb128 0x21
 1099 0128 00       		.byte	0
 1100 0129 49       		.uleb128 0x49
 1101 012a 13       		.uleb128 0x13
 1102 012b 2F       		.uleb128 0x2f
 1103 012c 0B       		.uleb128 0xb
 1104 012d 00       		.byte	0
 1105 012e 00       		.byte	0
 1106 012f 18       		.uleb128 0x18
 1107 0130 34       		.uleb128 0x34
 1108 0131 00       		.byte	0
 1109 0132 03       		.uleb128 0x3
 1110 0133 0E       		.uleb128 0xe
 1111 0134 3A       		.uleb128 0x3a
 1112 0135 0B       		.uleb128 0xb
 1113 0136 3B       		.uleb128 0x3b
 1114 0137 05       		.uleb128 0x5
 1115 0138 49       		.uleb128 0x49
 1116 0139 13       		.uleb128 0x13
 1117 013a 02       		.uleb128 0x2
 1118 013b 18       		.uleb128 0x18
 1119 013c 00       		.byte	0
 1120 013d 00       		.byte	0
 1121 013e 19       		.uleb128 0x19
 1122 013f 26       		.uleb128 0x26
 1123 0140 00       		.byte	0
 1124 0141 49       		.uleb128 0x49
 1125 0142 13       		.uleb128 0x13
 1126 0143 00       		.byte	0
 1127 0144 00       		.byte	0
 1128 0145 1A       		.uleb128 0x1a
 1129 0146 34       		.uleb128 0x34
 1130 0147 00       		.byte	0
 1131 0148 03       		.uleb128 0x3
 1132 0149 08       		.uleb128 0x8
 1133 014a 3A       		.uleb128 0x3a
 1134 014b 0B       		.uleb128 0xb
 1135 014c 3B       		.uleb128 0x3b
 1136 014d 05       		.uleb128 0x5
ARM GAS  C:\Users\ADMINI~1\AppData\Local\Temp\ccUs0EcR.s 			page 27


 1137 014e 49       		.uleb128 0x49
 1138 014f 13       		.uleb128 0x13
 1139 0150 02       		.uleb128 0x2
 1140 0151 17       		.uleb128 0x17
 1141 0152 00       		.byte	0
 1142 0153 00       		.byte	0
 1143 0154 1B       		.uleb128 0x1b
 1144 0155 0B       		.uleb128 0xb
 1145 0156 01       		.byte	0x1
 1146 0157 11       		.uleb128 0x11
 1147 0158 01       		.uleb128 0x1
 1148 0159 12       		.uleb128 0x12
 1149 015a 06       		.uleb128 0x6
 1150 015b 00       		.byte	0
 1151 015c 00       		.byte	0
 1152 015d 1C       		.uleb128 0x1c
 1153 015e 2E       		.uleb128 0x2e
 1154 015f 01       		.byte	0x1
 1155 0160 3F       		.uleb128 0x3f
 1156 0161 19       		.uleb128 0x19
 1157 0162 03       		.uleb128 0x3
 1158 0163 0E       		.uleb128 0xe
 1159 0164 27       		.uleb128 0x27
 1160 0165 19       		.uleb128 0x19
 1161 0166 49       		.uleb128 0x49
 1162 0167 13       		.uleb128 0x13
 1163 0168 34       		.uleb128 0x34
 1164 0169 19       		.uleb128 0x19
 1165 016a 3C       		.uleb128 0x3c
 1166 016b 19       		.uleb128 0x19
 1167 016c 01       		.uleb128 0x1
 1168 016d 13       		.uleb128 0x13
 1169 016e 00       		.byte	0
 1170 016f 00       		.byte	0
 1171 0170 1D       		.uleb128 0x1d
 1172 0171 05       		.uleb128 0x5
 1173 0172 00       		.byte	0
 1174 0173 49       		.uleb128 0x49
 1175 0174 13       		.uleb128 0x13
 1176 0175 00       		.byte	0
 1177 0176 00       		.byte	0
 1178 0177 1E       		.uleb128 0x1e
 1179 0178 2E       		.uleb128 0x2e
 1180 0179 00       		.byte	0
 1181 017a 3F       		.uleb128 0x3f
 1182 017b 19       		.uleb128 0x19
 1183 017c 03       		.uleb128 0x3
 1184 017d 0E       		.uleb128 0xe
 1185 017e 3A       		.uleb128 0x3a
 1186 017f 0B       		.uleb128 0xb
 1187 0180 3B       		.uleb128 0x3b
 1188 0181 0B       		.uleb128 0xb
 1189 0182 27       		.uleb128 0x27
 1190 0183 19       		.uleb128 0x19
 1191 0184 3C       		.uleb128 0x3c
 1192 0185 19       		.uleb128 0x19
 1193 0186 00       		.byte	0
ARM GAS  C:\Users\ADMINI~1\AppData\Local\Temp\ccUs0EcR.s 			page 28


 1194 0187 00       		.byte	0
 1195 0188 1F       		.uleb128 0x1f
 1196 0189 2E       		.uleb128 0x2e
 1197 018a 01       		.byte	0x1
 1198 018b 3F       		.uleb128 0x3f
 1199 018c 19       		.uleb128 0x19
 1200 018d 03       		.uleb128 0x3
 1201 018e 0E       		.uleb128 0xe
 1202 018f 3A       		.uleb128 0x3a
 1203 0190 0B       		.uleb128 0xb
 1204 0191 3B       		.uleb128 0x3b
 1205 0192 0B       		.uleb128 0xb
 1206 0193 27       		.uleb128 0x27
 1207 0194 19       		.uleb128 0x19
 1208 0195 3C       		.uleb128 0x3c
 1209 0196 19       		.uleb128 0x19
 1210 0197 01       		.uleb128 0x1
 1211 0198 13       		.uleb128 0x13
 1212 0199 00       		.byte	0
 1213 019a 00       		.byte	0
 1214 019b 20       		.uleb128 0x20
 1215 019c 2E       		.uleb128 0x2e
 1216 019d 01       		.byte	0x1
 1217 019e 3F       		.uleb128 0x3f
 1218 019f 19       		.uleb128 0x19
 1219 01a0 03       		.uleb128 0x3
 1220 01a1 0E       		.uleb128 0xe
 1221 01a2 3A       		.uleb128 0x3a
 1222 01a3 0B       		.uleb128 0xb
 1223 01a4 3B       		.uleb128 0x3b
 1224 01a5 0B       		.uleb128 0xb
 1225 01a6 27       		.uleb128 0x27
 1226 01a7 19       		.uleb128 0x19
 1227 01a8 49       		.uleb128 0x49
 1228 01a9 13       		.uleb128 0x13
 1229 01aa 3C       		.uleb128 0x3c
 1230 01ab 19       		.uleb128 0x19
 1231 01ac 01       		.uleb128 0x1
 1232 01ad 13       		.uleb128 0x13
 1233 01ae 00       		.byte	0
 1234 01af 00       		.byte	0
 1235 01b0 21       		.uleb128 0x21
 1236 01b1 2E       		.uleb128 0x2e
 1237 01b2 01       		.byte	0x1
 1238 01b3 3F       		.uleb128 0x3f
 1239 01b4 19       		.uleb128 0x19
 1240 01b5 03       		.uleb128 0x3
 1241 01b6 0E       		.uleb128 0xe
 1242 01b7 3A       		.uleb128 0x3a
 1243 01b8 0B       		.uleb128 0xb
 1244 01b9 3B       		.uleb128 0x3b
 1245 01ba 0B       		.uleb128 0xb
 1246 01bb 27       		.uleb128 0x27
 1247 01bc 19       		.uleb128 0x19
 1248 01bd 3C       		.uleb128 0x3c
 1249 01be 19       		.uleb128 0x19
 1250 01bf 00       		.byte	0
ARM GAS  C:\Users\ADMINI~1\AppData\Local\Temp\ccUs0EcR.s 			page 29


 1251 01c0 00       		.byte	0
 1252 01c1 00       		.byte	0
 1253              		.section	.debug_loc,"",%progbits
 1254              	.Ldebug_loc0:
 1255              	.LLST0:
 1256 0000 00000000 		.4byte	.LVL0
 1257 0004 09000000 		.4byte	.LVL2-1
 1258 0008 0100     		.2byte	0x1
 1259 000a 50       		.byte	0x50
 1260 000b 09000000 		.4byte	.LVL2-1
 1261 000f 0C000000 		.4byte	.LFE2
 1262 0013 0400     		.2byte	0x4
 1263 0015 F3       		.byte	0xf3
 1264 0016 01       		.uleb128 0x1
 1265 0017 50       		.byte	0x50
 1266 0018 9F       		.byte	0x9f
 1267 0019 00000000 		.4byte	0
 1268 001d 00000000 		.4byte	0
 1269              	.LLST1:
 1270 0021 00000000 		.4byte	.LVL0
 1271 0025 06000000 		.4byte	.LVL1
 1272 0029 0100     		.2byte	0x1
 1273 002b 51       		.byte	0x51
 1274 002c 06000000 		.4byte	.LVL1
 1275 0030 09000000 		.4byte	.LVL2-1
 1276 0034 0100     		.2byte	0x1
 1277 0036 52       		.byte	0x52
 1278 0037 09000000 		.4byte	.LVL2-1
 1279 003b 0C000000 		.4byte	.LFE2
 1280 003f 0400     		.2byte	0x4
 1281 0041 F3       		.byte	0xf3
 1282 0042 01       		.uleb128 0x1
 1283 0043 51       		.byte	0x51
 1284 0044 9F       		.byte	0x9f
 1285 0045 00000000 		.4byte	0
 1286 0049 00000000 		.4byte	0
 1287              	.LLST2:
 1288 004d F6000000 		.4byte	.LVL11
 1289 0051 FA000000 		.4byte	.LVL12
 1290 0055 0200     		.2byte	0x2
 1291 0057 30       		.byte	0x30
 1292 0058 9F       		.byte	0x9f
 1293 0059 FA000000 		.4byte	.LVL12
 1294 005d 1A010000 		.4byte	.LVL14
 1295 0061 0100     		.2byte	0x1
 1296 0063 54       		.byte	0x54
 1297 0064 1C010000 		.4byte	.LVL15
 1298 0068 94010000 		.4byte	.LVL18
 1299 006c 0100     		.2byte	0x1
 1300 006e 54       		.byte	0x54
 1301 006f 00000000 		.4byte	0
 1302 0073 00000000 		.4byte	0
 1303              	.LLST3:
 1304 0077 FA000000 		.4byte	.LVL12
 1305 007b 1A010000 		.4byte	.LVL14
 1306 007f 0B00     		.2byte	0xb
 1307 0081 74       		.byte	0x74
ARM GAS  C:\Users\ADMINI~1\AppData\Local\Temp\ccUs0EcR.s 			page 30


 1308 0082 00       		.sleb128 0
 1309 0083 36       		.byte	0x36
 1310 0084 1E       		.byte	0x1e
 1311 0085 03       		.byte	0x3
 1312 0086 00000000 		.4byte	cfg_memset_list.4742
 1313 008a 22       		.byte	0x22
 1314 008b 9F       		.byte	0x9f
 1315 008c 1A010000 		.4byte	.LVL14
 1316 0090 1C010000 		.4byte	.LVL15
 1317 0094 0B00     		.2byte	0xb
 1318 0096 74       		.byte	0x74
 1319 0097 7F       		.sleb128 -1
 1320 0098 36       		.byte	0x36
 1321 0099 1E       		.byte	0x1e
 1322 009a 03       		.byte	0x3
 1323 009b 00000000 		.4byte	cfg_memset_list.4742
 1324 009f 22       		.byte	0x22
 1325 00a0 9F       		.byte	0x9f
 1326 00a1 00000000 		.4byte	0
 1327 00a5 00000000 		.4byte	0
 1328              		.section	.debug_aranges,"",%progbits
 1329 0000 34000000 		.4byte	0x34
 1330 0004 0200     		.2byte	0x2
 1331 0006 00000000 		.4byte	.Ldebug_info0
 1332 000a 04       		.byte	0x4
 1333 000b 00       		.byte	0
 1334 000c 0000     		.2byte	0
 1335 000e 0000     		.2byte	0
 1336 0010 00000000 		.4byte	.LFB6
 1337 0014 20000000 		.4byte	.LFE6-.LFB6
 1338 0018 00000000 		.4byte	.LFB2
 1339 001c 0C000000 		.4byte	.LFE2-.LFB2
 1340 0020 00000000 		.4byte	.LFB5
 1341 0024 EC000000 		.4byte	.LFE5-.LFB5
 1342 0028 EC000000 		.4byte	.LFB7
 1343 002c EC000000 		.4byte	.LFE7-.LFB7
 1344 0030 00000000 		.4byte	0
 1345 0034 00000000 		.4byte	0
 1346              		.section	.debug_ranges,"",%progbits
 1347              	.Ldebug_ranges0:
 1348 0000 00000000 		.4byte	.LFB6
 1349 0004 20000000 		.4byte	.LFE6
 1350 0008 00000000 		.4byte	.LFB2
 1351 000c 0C000000 		.4byte	.LFE2
 1352 0010 00000000 		.4byte	.LFB5
 1353 0014 EC000000 		.4byte	.LFE5
 1354 0018 EC000000 		.4byte	.LFB7
 1355 001c D8010000 		.4byte	.LFE7
 1356 0020 00000000 		.4byte	0
 1357 0024 00000000 		.4byte	0
 1358              		.section	.debug_line,"",%progbits
 1359              	.Ldebug_line0:
 1360 0000 65010000 		.section	.debug_str,"MS",%progbits,1
 1360      0200E500 
 1360      00000201 
 1360      FB0E0D00 
 1360      01010101 
ARM GAS  C:\Users\ADMINI~1\AppData\Local\Temp\ccUs0EcR.s 			page 31


 1361              	.LASF28:
 1362 0000 43794465 		.ascii	"CyDelayCycles\000"
 1362      6C617943 
 1362      79636C65 
 1362      7300
 1363              	.LASF19:
 1364 000e 72656733 		.ascii	"reg32\000"
 1364      3200
 1365              	.LASF11:
 1366 0014 73697A65 		.ascii	"size_t\000"
 1366      5F7400
 1367              	.LASF37:
 1368 001b 416E616C 		.ascii	"AnalogSetDefault\000"
 1368      6F675365 
 1368      74446566 
 1368      61756C74 
 1368      00
 1369              	.LASF33:
 1370 002c 4379496E 		.ascii	"CyIntSetVector\000"
 1370      74536574 
 1370      56656374 
 1370      6F7200
 1371              	.LASF26:
 1372 003b 6366675F 		.ascii	"cfg_memset_list\000"
 1372      6D656D73 
 1372      65745F6C 
 1372      69737400 
 1373              	.LASF22:
 1374 004b 436C6F63 		.ascii	"ClockSetup\000"
 1374      6B536574 
 1374      757000
 1375              	.LASF4:
 1376 0056 73686F72 		.ascii	"short unsigned int\000"
 1376      7420756E 
 1376      7369676E 
 1376      65642069 
 1376      6E7400
 1377              	.LASF15:
 1378 0069 666C6F61 		.ascii	"float\000"
 1378      7400
 1379              	.LASF24:
 1380 006f 73697A65 		.ascii	"size\000"
 1380      00
 1381              	.LASF30:
 1382 0074 43795379 		.ascii	"CySysClkWcoSetPowerMode\000"
 1382      73436C6B 
 1382      57636F53 
 1382      6574506F 
 1382      7765724D 
 1383              	.LASF18:
 1384 008c 72656738 		.ascii	"reg8\000"
 1384      00
 1385              	.LASF6:
 1386 0091 6C6F6E67 		.ascii	"long unsigned int\000"
 1386      20756E73 
 1386      69676E65 
 1386      6420696E 
ARM GAS  C:\Users\ADMINI~1\AppData\Local\Temp\ccUs0EcR.s 			page 32


 1386      7400
 1387              	.LASF12:
 1388 00a3 75696E74 		.ascii	"uint8\000"
 1388      3800
 1389              	.LASF39:
 1390 00a9 43795379 		.ascii	"CySysClkWcoStart\000"
 1390      73436C6B 
 1390      57636F53 
 1390      74617274 
 1390      00
 1391              	.LASF21:
 1392 00ba 43594D45 		.ascii	"CYMEMZERO\000"
 1392      4D5A4552 
 1392      4F00
 1393              	.LASF2:
 1394 00c4 756E7369 		.ascii	"unsigned char\000"
 1394      676E6564 
 1394      20636861 
 1394      7200
 1395              	.LASF27:
 1396 00d2 6D656D73 		.ascii	"memset\000"
 1396      657400
 1397              	.LASF16:
 1398 00d9 646F7562 		.ascii	"double\000"
 1398      6C6500
 1399              	.LASF40:
 1400 00e0 4379496E 		.ascii	"CyIntEnable\000"
 1400      74456E61 
 1400      626C6500 
 1401              	.LASF13:
 1402 00ec 75696E74 		.ascii	"uint16\000"
 1402      313600
 1403              	.LASF17:
 1404 00f3 63797374 		.ascii	"cystatus\000"
 1404      61747573 
 1404      00
 1405              	.LASF14:
 1406 00fc 75696E74 		.ascii	"uint32\000"
 1406      333200
 1407              	.LASF0:
 1408 0103 756E7369 		.ascii	"unsigned int\000"
 1408      676E6564 
 1408      20696E74 
 1408      00
 1409              	.LASF38:
 1410 0110 63796669 		.ascii	"cyfitter_cfg\000"
 1410      74746572 
 1410      5F636667 
 1410      00
 1411              	.LASF23:
 1412 011d 61646472 		.ascii	"address\000"
 1412      65737300 
 1413              	.LASF8:
 1414 0125 6C6F6E67 		.ascii	"long long unsigned int\000"
 1414      206C6F6E 
 1414      6720756E 
 1414      7369676E 
ARM GAS  C:\Users\ADMINI~1\AppData\Local\Temp\ccUs0EcR.s 			page 33


 1414      65642069 
 1415              	.LASF20:
 1416 013c 63796973 		.ascii	"cyisraddress\000"
 1416      72616464 
 1416      72657373 
 1416      00
 1417              	.LASF25:
 1418 0149 6366675F 		.ascii	"cfg_memset_t\000"
 1418      6D656D73 
 1418      65745F74 
 1418      00
 1419              	.LASF35:
 1420 0156 2E5C4765 		.ascii	".\\Generated_Source\\PSoC4\\cyfitter_cfg.c\000"
 1420      6E657261 
 1420      7465645F 
 1420      536F7572 
 1420      63655C50 
 1421              	.LASF9:
 1422 017e 73697A65 		.ascii	"sizetype\000"
 1422      74797065 
 1422      00
 1423              	.LASF7:
 1424 0187 6C6F6E67 		.ascii	"long long int\000"
 1424      206C6F6E 
 1424      6720696E 
 1424      7400
 1425              	.LASF32:
 1426 0195 43794465 		.ascii	"CyDelayUs\000"
 1426      6C617955 
 1426      7300
 1427              	.LASF10:
 1428 019f 63686172 		.ascii	"char\000"
 1428      00
 1429              	.LASF31:
 1430 01a4 43795379 		.ascii	"CySysClkEcoStart\000"
 1430      73436C6B 
 1430      45636F53 
 1430      74617274 
 1430      00
 1431              	.LASF34:
 1432 01b5 474E5520 		.ascii	"GNU C 4.9.3 20150303 (release) [ARM/embedded-4_9-br"
 1432      4320342E 
 1432      392E3320 
 1432      32303135 
 1432      30333033 
 1433 01e8 616E6368 		.ascii	"anch revision 221220] -mcpu=cortex-m0 -mthumb -g -O"
 1433      20726576 
 1433      6973696F 
 1433      6E203232 
 1433      31323230 
 1434 021b 67202D66 		.ascii	"g -ffunction-sections -ffat-lto-objects\000"
 1434      66756E63 
 1434      74696F6E 
 1434      2D736563 
 1434      74696F6E 
 1435              	.LASF3:
 1436 0243 73686F72 		.ascii	"short int\000"
ARM GAS  C:\Users\ADMINI~1\AppData\Local\Temp\ccUs0EcR.s 			page 34


 1436      7420696E 
 1436      7400
 1437              	.LASF29:
 1438 024d 43795379 		.ascii	"CySysClkWriteImoFreq\000"
 1438      73436C6B 
 1438      57726974 
 1438      65496D6F 
 1438      46726571 
 1439              	.LASF5:
 1440 0262 6C6F6E67 		.ascii	"long int\000"
 1440      20696E74 
 1440      00
 1441              	.LASF1:
 1442 026b 7369676E 		.ascii	"signed char\000"
 1442      65642063 
 1442      68617200 
 1443              	.LASF36:
 1444 0277 5A3A5C64 		.ascii	"Z:\\documents\\projects\\LIDAR-Lite2\\Cypress\\CY8C"
 1444      6F63756D 
 1444      656E7473 
 1444      5C70726F 
 1444      6A656374 
 1445 02a5 34323437 		.ascii	"4247LQI-BL483\\PSoC_Creator3\\LIDAR-Lite2\\HelloLid"
 1445      4C51492D 
 1445      424C3438 
 1445      335C5053 
 1445      6F435F43 
 1446 02d5 61724C69 		.ascii	"arLite2.cydsn\000"
 1446      7465322E 
 1446      63796473 
 1446      6E00
 1447              		.ident	"GCC: (GNU Tools for ARM Embedded Processors) 4.9.3 20150303 (release) [ARM/embedded-4_9-br
